TN:run_test
SF:/usr/include/c++/4.5.1/bits/allocator.h
FN:101,_ZNSaIN7testing8internal9TraceInfoEEC2Ev
FN:101,_ZNSaIPN7testing8TestInfoEEC2Ev
FN:101,_ZNSaIiEC2Ev
FN:101,_ZNSaIN7testing12TestPropertyEEC2Ev
FN:101,_ZNSaIPN7testing8TestCaseEEC2Ev
FN:101,_ZNSaIPN7testing17TestEventListenerEEC2Ev
FN:101,_ZNSaISt13_Rb_tree_nodeISsEEC2Ev
FN:101,_ZNSaIPN7testing8internal29ParameterizedTestCaseInfoBaseEEC2Ev
FN:101,_ZNSaIwEC2Ev
FN:101,_ZNSaIPcEC2Ev
FN:101,_ZNSaIcEC2Ev
FN:101,_ZNSaIN7testing14TestPartResultEEC2Ev
FN:101,_ZNSaIPN7testing11EnvironmentEEC2Ev
FN:101,_ZNSaISsEC2Ev
FN:103,_ZNSaIcEC2ERKS_
FN:103,_ZNSaISsEC2ERKS_
FN:103,_ZNSaIwEC2ERKS_
FN:103,_ZNSaIN7testing8internal9TraceInfoEEC2ERKS2_
FN:107,_ZNSaISsEC2ISt13_Rb_tree_nodeISsEEERKSaIT_E
FN:109,_ZNSaIN7testing8internal9TraceInfoEED2Ev
FN:109,_ZNSaIcED2Ev
FN:109,_ZNSaIN7testing12TestPropertyEED2Ev
FN:109,_ZNSaIPN7testing17TestEventListenerEED2Ev
FN:109,_ZNSaIiED2Ev
FN:109,_ZNSaIPcED2Ev
FN:109,_ZNSaIPN7testing8TestCaseEED2Ev
FN:109,_ZNSaIN7testing14TestPartResultEED2Ev
FN:109,_ZNSaIPN7testing11EnvironmentEED2Ev
FN:109,_ZNSaISt13_Rb_tree_nodeISsEED2Ev
FN:109,_ZNSaISsED2Ev
FN:109,_ZNSaIPN7testing8TestInfoEED2Ev
FN:109,_ZNSaIwED2Ev
FN:109,_ZNSaIPN7testing8internal29ParameterizedTestCaseInfoBaseEED2Ev
FN:121,_ZSteqIcEbRKSaIT_ES3_
FN:148,_ZNSt12__alloc_swapISaISsELb1EE8_S_do_itERS0_S2_
FNDA:0,_ZNSaIcEC2Ev
FNDA:0,_ZNSaIwEC2Ev
FNDA:1,_ZNSaISsEC2Ev
FNDA:1,_ZNSaIPN7testing8internal29ParameterizedTestCaseInfoBaseEEC2Ev
FNDA:5,_ZNSaIN7testing14TestPartResultEEC2Ev
FNDA:5,_ZNSaIN7testing12TestPropertyEEC2Ev
FNDA:2,_ZNSaIPN7testing8TestInfoEEC2Ev
FNDA:3,_ZNSaIiEC2Ev
FNDA:1,_ZNSaIPN7testing17TestEventListenerEEC2Ev
FNDA:1,_ZNSaIPN7testing11EnvironmentEEC2Ev
FNDA:1,_ZNSaIPN7testing8TestCaseEEC2Ev
FNDA:0,_ZNSaIPcEC2Ev
FNDA:0,_ZNSaISt13_Rb_tree_nodeISsEEC2Ev
FNDA:1,_ZNSaIN7testing8internal9TraceInfoEEC2Ev
FNDA:0,_ZNSaIcEC2ERKS_
FNDA:0,_ZNSaIwEC2ERKS_
FNDA:0,_ZNSaISsEC2ERKS_
FNDA:0,_ZNSaIN7testing8internal9TraceInfoEEC2ERKS2_
FNDA:0,_ZNSaISsEC2ISt13_Rb_tree_nodeISsEEERKSaIT_E
FNDA:0,_ZNSaIcED2Ev
FNDA:0,_ZNSaIwED2Ev
FNDA:1,_ZNSaISsED2Ev
FNDA:0,_ZNSaISt13_Rb_tree_nodeISsEED2Ev
FNDA:1,_ZNSaIPN7testing8internal29ParameterizedTestCaseInfoBaseEED2Ev
FNDA:5,_ZNSaIN7testing14TestPartResultEED2Ev
FNDA:5,_ZNSaIN7testing12TestPropertyEED2Ev
FNDA:2,_ZNSaIPN7testing8TestInfoEED2Ev
FNDA:3,_ZNSaIiED2Ev
FNDA:1,_ZNSaIPN7testing17TestEventListenerEED2Ev
FNDA:1,_ZNSaIPN7testing11EnvironmentEED2Ev
FNDA:1,_ZNSaIPN7testing8TestCaseEED2Ev
FNDA:0,_ZNSaIPcED2Ev
FNDA:1,_ZNSaIN7testing8internal9TraceInfoEED2Ev
FNDA:5,_ZSteqIcEbRKSaIT_ES3_
FNDA:0,_ZNSt12__alloc_swapISaISsELb1EE8_S_do_itERS0_S2_
FNF:35
FNH:21
DA:101,21
DA:103,0
DA:104,0
DA:107,0
DA:109,21
DA:121,5
DA:122,5
DA:148,0
LF:8
LH:4
end_of_record
SF:/usr/include/c++/4.5.1/bits/basic_ios.h
FN:46,_ZSt13__check_facetISt5ctypeIcEERKT_PS3_
FN:127,_ZNKSt9basic_iosIcSt11char_traitsIcEE7rdstateEv
FN:147,_ZNSt9basic_iosIcSt11char_traitsIcEE8setstateESt12_Ios_Iostate
FN:272,_ZNSt9basic_iosIcSt11char_traitsIcEED2Ev
FN:360,_ZNKSt9basic_iosIcSt11char_traitsIcEE4fillEv
FN:380,_ZNSt9basic_iosIcSt11char_traitsIcEE4fillEc
FN:439,_ZNKSt9basic_iosIcSt11char_traitsIcEE5widenEc
FN:450,_ZNSt9basic_iosIcSt11char_traitsIcEEC2Ev
FNDA:0,_ZSt13__check_facetISt5ctypeIcEERKT_PS3_
FNDA:0,_ZNKSt9basic_iosIcSt11char_traitsIcEE7rdstateEv
FNDA:0,_ZNSt9basic_iosIcSt11char_traitsIcEE8setstateESt12_Ios_Iostate
FNDA:0,_ZNSt9basic_iosIcSt11char_traitsIcEED2Ev
FNDA:0,_ZNKSt9basic_iosIcSt11char_traitsIcEE4fillEv
FNDA:0,_ZNSt9basic_iosIcSt11char_traitsIcEE4fillEc
FNDA:0,_ZNKSt9basic_iosIcSt11char_traitsIcEE5widenEc
FNDA:0,_ZNSt9basic_iosIcSt11char_traitsIcEEC2Ev
FNF:8
FNH:0
DA:46,0
DA:48,0
DA:49,0
DA:50,0
DA:127,0
DA:128,0
DA:147,0
DA:148,0
DA:272,0
DA:360,0
DA:362,0
DA:364,0
DA:365,0
DA:367,0
DA:380,0
DA:382,0
DA:383,0
DA:384,0
DA:439,0
DA:440,0
DA:450,0
DA:452,0
DA:453,0
LF:23
LH:0
end_of_record
SF:/usr/include/c++/4.5.1/bits/basic_string.h
FN:174,_ZNSs4_Rep12_S_empty_repEv
FN:174,_ZNSbIwSt11char_traitsIwESaIwEE4_Rep12_S_empty_repEv
FN:188,_ZNKSs4_Rep12_M_is_sharedEv
FN:196,_ZNSs4_Rep15_M_set_sharableEv
FN:200,_ZNSs4_Rep26_M_set_length_and_sharableEj
FN:215,_ZNSs4_Rep10_M_refdataEv
FN:230,_ZNSbIwSt11char_traitsIwESaIwEE4_Rep10_M_disposeERKS1_
FN:230,_ZNSs4_Rep10_M_disposeERKSaIcE
FN:259,_ZNSs12_Alloc_hiderD2Ev
FN:259,_ZNSbIwSt11char_traitsIwESaIwEE12_Alloc_hiderD2Ev
FN:260,_ZNSs12_Alloc_hiderC2EPcRKSaIcE
FN:278,_ZNKSbIwSt11char_traitsIwESaIwEE7_M_dataEv
FN:278,_ZNKSs7_M_dataEv
FN:286,_ZNKSs6_M_repEv
FN:286,_ZNKSbIwSt11char_traitsIwESaIwEE6_M_repEv
FN:307,_ZNKSs8_M_checkEjPKc
FN:340,_ZNSs7_M_copyEPcPKcj
FN:385,_ZNSs13_S_copy_charsEPcS_S_
FN:389,_ZNSs13_S_copy_charsEPcPKcS1_
FN:393,_ZNSs10_S_compareEjj
FN:412,_ZNSs12_S_empty_repEv
FN:423,_ZNSsC2Ev
FN:524,_ZNSbIwSt11char_traitsIwESaIwEED2Ev
FN:524,_ZNSsD2Ev
FN:532,_ZNSsaSERKSs
FN:540,_ZNSsaSEPKc
FN:602,_ZNKSs5beginEv
FN:621,_ZNKSs3endEv
FN:701,_ZNKSbIwSt11char_traitsIwESaIwEE4sizeEv
FN:701,_ZNKSs4sizeEv
FN:707,_ZNKSs6lengthEv
FN:707,_ZNKSbIwSt11char_traitsIwESaIwEE6lengthEv
FN:759,_ZNKSs8capacityEv
FN:794,_ZNKSs5emptyEv
FN:809,_ZNKSsixEj
FN:881,_ZNSspLERKSs
FN:890,_ZNSspLEPKc
FN:899,_ZNSspLEc
FN:954,_ZNSs6appendEPKc
FN:1000,_ZNSs9push_backEc
FN:1075,_ZNSs6assignEPKc
FN:1645,_ZNSs16_S_construct_auxIPcEES0_T_S1_RKSaIcESt12__false_type
FN:1645,_ZNSs16_S_construct_auxIPKcEEPcT_S3_RKSaIcESt12__false_type
FN:1667,_ZNSs12_S_constructIPKcEEPcT_S3_RKSaIcE
FN:1667,_ZNSs12_S_constructIPcEES0_T_S1_RKSaIcE
FN:1723,_ZNKSs5c_strEv
FN:1723,_ZNKSbIwSt11char_traitsIwESaIwEE5c_strEv
FN:1733,_ZNKSs4dataEv
FN:1733,_ZNKSbIwSt11char_traitsIwESaIwEE4dataEv
FN:1740,_ZNKSs13get_allocatorEv
FN:1740,_ZNKSbIwSt11char_traitsIwESaIwEE13get_allocatorEv
FN:1768,_ZNKSs4findERKSsj
FN:1768,_ZNKSbIwSt11char_traitsIwESaIwEE4findERKS2_j
FN:2112,_ZNKSs6substrEjj
FN:2130,_ZNKSs7compareERKSs
FN:2263,_ZStplIcSt11char_traitsIcESaIcEESbIT_T0_T1_ERKS6_S8_
FN:2300,_ZStplIcSt11char_traitsIcESaIcEESbIT_T0_T1_ERKS6_PKS3_
FN:2316,_ZStplIcSt11char_traitsIcESaIcEESbIT_T0_T1_ERKS6_S3_
FN:2341,_ZSteqIcEN9__gnu_cxx11__enable_ifIXsrSt9__is_charIT_E7__valueEbE6__typeERKSbIS3_St11char_traitsIS3_ESaIS3_EESC_
FN:2355,_ZSteqIcSt11char_traitsIcESaIcEEbPKT_RKSbIS3_T0_T1_E
FN:2367,_ZSteqIcSt11char_traitsIcESaIcEEbRKSbIT_T0_T1_EPKS3_
FN:2404,_ZStneIcSt11char_traitsIcESaIcEEbRKSbIT_T0_T1_EPKS3_
FN:2417,_ZStltIcSt11char_traitsIcESaIcEEbRKSbIT_T0_T1_ES8_
FN:2600,_ZStlsIcSt11char_traitsIcESaIcEERSt13basic_ostreamIT_T0_ES7_RKSbIS4_S5_T1_E
FNDA:0,_ZNSs4_Rep12_S_empty_repEv
FNDA:0,_ZNSbIwSt11char_traitsIwESaIwEE4_Rep12_S_empty_repEv
FNDA:0,_ZNKSs4_Rep12_M_is_sharedEv
FNDA:0,_ZNSs4_Rep15_M_set_sharableEv
FNDA:0,_ZNSs4_Rep26_M_set_length_and_sharableEj
FNDA:0,_ZNSs4_Rep10_M_refdataEv
FNDA:0,_ZNSs4_Rep10_M_disposeERKSaIcE
FNDA:0,_ZNSbIwSt11char_traitsIwESaIwEE4_Rep10_M_disposeERKS1_
FNDA:0,_ZNSs12_Alloc_hiderD2Ev
FNDA:0,_ZNSbIwSt11char_traitsIwESaIwEE12_Alloc_hiderD2Ev
FNDA:0,_ZNSs12_Alloc_hiderC2EPcRKSaIcE
FNDA:0,_ZNKSs7_M_dataEv
FNDA:0,_ZNKSbIwSt11char_traitsIwESaIwEE7_M_dataEv
FNDA:0,_ZNKSs6_M_repEv
FNDA:0,_ZNKSbIwSt11char_traitsIwESaIwEE6_M_repEv
FNDA:0,_ZNKSs8_M_checkEjPKc
FNDA:0,_ZNSs7_M_copyEPcPKcj
FNDA:0,_ZNSs13_S_copy_charsEPcS_S_
FNDA:0,_ZNSs13_S_copy_charsEPcPKcS1_
FNDA:0,_ZNSs10_S_compareEjj
FNDA:0,_ZNSs12_S_empty_repEv
FNDA:0,_ZNSsC2Ev
FNDA:0,_ZNSsD2Ev
FNDA:0,_ZNSbIwSt11char_traitsIwESaIwEED2Ev
FNDA:0,_ZNSsaSERKSs
FNDA:0,_ZNSsaSEPKc
FNDA:0,_ZNKSs5beginEv
FNDA:0,_ZNKSs3endEv
FNDA:0,_ZNKSs4sizeEv
FNDA:0,_ZNKSbIwSt11char_traitsIwESaIwEE4sizeEv
FNDA:0,_ZNKSs6lengthEv
FNDA:0,_ZNKSbIwSt11char_traitsIwESaIwEE6lengthEv
FNDA:0,_ZNKSs8capacityEv
FNDA:0,_ZNKSs5emptyEv
FNDA:0,_ZNKSsixEj
FNDA:0,_ZNSspLERKSs
FNDA:0,_ZNSspLEPKc
FNDA:0,_ZNSspLEc
FNDA:0,_ZNSs6appendEPKc
FNDA:0,_ZNSs9push_backEc
FNDA:0,_ZNSs6assignEPKc
FNDA:0,_ZNSs16_S_construct_auxIPKcEEPcT_S3_RKSaIcESt12__false_type
FNDA:0,_ZNSs16_S_construct_auxIPcEES0_T_S1_RKSaIcESt12__false_type
FNDA:0,_ZNSs12_S_constructIPKcEEPcT_S3_RKSaIcE
FNDA:0,_ZNSs12_S_constructIPcEES0_T_S1_RKSaIcE
FNDA:0,_ZNKSs5c_strEv
FNDA:0,_ZNKSbIwSt11char_traitsIwESaIwEE5c_strEv
FNDA:0,_ZNKSs4dataEv
FNDA:0,_ZNKSbIwSt11char_traitsIwESaIwEE4dataEv
FNDA:0,_ZNKSs13get_allocatorEv
FNDA:0,_ZNKSbIwSt11char_traitsIwESaIwEE13get_allocatorEv
FNDA:0,_ZNKSbIwSt11char_traitsIwESaIwEE4findERKS2_j
FNDA:0,_ZNKSs4findERKSsj
FNDA:0,_ZNKSs6substrEjj
FNDA:0,_ZNKSs7compareERKSs
FNDA:0,_ZStplIcSt11char_traitsIcESaIcEESbIT_T0_T1_ERKS6_S8_
FNDA:22,_ZStplIcSt11char_traitsIcESaIcEESbIT_T0_T1_ERKS6_PKS3_
FNDA:0,_ZStplIcSt11char_traitsIcESaIcEESbIT_T0_T1_ERKS6_S3_
FNDA:0,_ZSteqIcEN9__gnu_cxx11__enable_ifIXsrSt9__is_charIT_E7__valueEbE6__typeERKSbIS3_St11char_traitsIS3_ESaIS3_EESC_
FNDA:0,_ZSteqIcSt11char_traitsIcESaIcEEbPKT_RKSbIS3_T0_T1_E
FNDA:3,_ZSteqIcSt11char_traitsIcESaIcEEbRKSbIT_T0_T1_EPKS3_
FNDA:1,_ZStneIcSt11char_traitsIcESaIcEEbRKSbIT_T0_T1_EPKS3_
FNDA:0,_ZStltIcSt11char_traitsIcESaIcEEbRKSbIT_T0_T1_ES8_
FNDA:0,_ZStlsIcSt11char_traitsIcESaIcEERSt13basic_ostreamIT_T0_ES7_RKSbIS4_S5_T1_E
FNF:64
FNH:3
DA:174,0
DA:179,0
DA:180,0
DA:188,0
DA:189,0
DA:196,0
DA:197,0
DA:200,0
DA:203,0
DA:206,0
DA:207,0
DA:208,0
DA:212,0
DA:215,0
DA:216,0
DA:230,0
DA:233,0
DA:235,0
DA:237,0
DA:238,0
DA:259,0
DA:260,0
DA:261,0
DA:278,0
DA:279,0
DA:286,0
DA:287,0
DA:307,0
DA:309,0
DA:310,0
DA:311,0
DA:340,0
DA:342,0
DA:343,0
DA:345,0
DA:346,0
DA:385,0
DA:386,0
DA:389,0
DA:390,0
DA:393,0
DA:395,0
DA:402,0
DA:412,0
DA:413,0
DA:423,0
DA:425,0
DA:524,0
DA:525,0
DA:532,0
DA:533,0
DA:540,0
DA:541,0
DA:602,0
DA:603,0
DA:621,0
DA:622,0
DA:701,0
DA:702,0
DA:707,0
DA:708,0
DA:759,0
DA:760,0
DA:794,0
DA:795,0
DA:809,0
DA:812,0
DA:881,0
DA:882,0
DA:890,0
DA:891,0
DA:899,0
DA:901,0
DA:902,0
DA:954,0
DA:957,0
DA:1000,0
DA:1002,0
DA:1003,0
DA:1004,0
DA:1005,0
DA:1006,0
DA:1007,0
DA:1075,0
DA:1078,0
DA:1645,0
DA:1649,0
DA:1667,0
DA:1670,0
DA:1723,0
DA:1724,0
DA:1733,0
DA:1734,0
DA:1740,0
DA:1741,0
DA:1768,0
DA:1769,0
DA:2112,0
DA:2114,0
DA:2130,0
DA:2132,0
DA:2133,0
DA:2134,0
DA:2136,0
DA:2137,0
DA:2138,0
DA:2139,0
DA:2263,0
DA:2266,0
DA:2267,0
DA:2268,0
DA:2300,22
DA:2303,22
DA:2304,22
DA:2305,22
DA:2316,0
DA:2320,0
DA:2321,0
DA:2322,0
DA:2341,0
DA:2345,0
DA:2355,0
DA:2357,0
DA:2367,3
DA:2369,3
DA:2404,1
DA:2406,1
DA:2417,0
DA:2419,0
DA:2600,0
DA:2605,0
LF:131
LH:8
end_of_record
SF:/usr/include/c++/4.5.1/bits/basic_string.tcc
FN:123,_ZNSs12_S_constructIPKcEEPcT_S3_RKSaIcESt20forward_iterator_tag
FN:123,_ZNSs12_S_constructIPcEES0_T_S1_RKSaIcESt20forward_iterator_tag
FN:227,_ZNSsC2IPcEET_S1_RKSaIcE
FN:227,_ZNSsC2IPKcEET_S2_RKSaIcE
FN:693,_ZStplIcSt11char_traitsIcESaIcEESbIT_T0_T1_EPKS3_RKS6_
FNDA:23,_ZNSs12_S_constructIPKcEEPcT_S3_RKSaIcESt20forward_iterator_tag
FNDA:0,_ZNSs12_S_constructIPcEES0_T_S1_RKSaIcESt20forward_iterator_tag
FNDA:0,_ZNSsC2IPKcEET_S2_RKSaIcE
FNDA:0,_ZNSsC2IPcEET_S1_RKSaIcE
FNDA:0,_ZStplIcSt11char_traitsIcESaIcEESbIT_T0_T1_EPKS3_RKS6_
FNF:5
FNH:1
DA:123,23
DA:128,23
DA:129,5
DA:132,18
DA:133,0
DA:136,18
DA:138,18
DA:140,18
DA:141,0
DA:143,0
DA:144,0
DA:146,18
DA:147,18
DA:227,0
DA:229,0
DA:230,0
DA:693,0
DA:698,0
DA:699,0
DA:700,0
DA:701,0
DA:702,0
DA:703,0
LF:23
LH:9
end_of_record
SF:/usr/include/c++/4.5.1/bits/char_traits.h
FN:246,_ZNSt11char_traitsIcE6assignERcRKc
FN:258,_ZNSt11char_traitsIcE7compareEPKcS2_j
FN:262,_ZNSt11char_traitsIcE6lengthEPKc
FN:274,_ZNSt11char_traitsIcE4copyEPcPKcj
FNDA:0,_ZNSt11char_traitsIcE6assignERcRKc
FNDA:0,_ZNSt11char_traitsIcE7compareEPKcS2_j
FNDA:0,_ZNSt11char_traitsIcE6lengthEPKc
FNDA:0,_ZNSt11char_traitsIcE4copyEPcPKcj
FNF:4
FNH:0
DA:246,0
DA:247,0
DA:258,0
DA:259,0
DA:262,0
DA:263,0
DA:274,0
DA:275,0
LF:8
LH:0
end_of_record
SF:/usr/include/c++/4.5.1/bits/ios_base.h
FN:84,_ZStanSt13_Ios_FmtflagsS_
FN:88,_ZStorSt13_Ios_FmtflagsS_
FN:96,_ZStoRRSt13_Ios_FmtflagsS_
FN:100,_ZStaNRSt13_Ios_FmtflagsS_
FN:108,_ZStcoSt13_Ios_Fmtflags
FN:128,_ZStorSt13_Ios_OpenmodeS_
FN:166,_ZStorSt12_Ios_IostateS_
FN:577,_ZNSt8ios_base4setfESt13_Ios_Fmtflags
FN:594,_ZNSt8ios_base4setfESt13_Ios_FmtflagsS0_
FN:629,_ZNSt8ios_base9precisionEi
FN:652,_ZNSt8ios_base5widthEi
FN:874,_ZSt9uppercaseRSt8ios_base
FN:940,_ZSt3hexRSt8ios_base
FNDA:0,_ZStanSt13_Ios_FmtflagsS_
FNDA:0,_ZStorSt13_Ios_FmtflagsS_
FNDA:0,_ZStoRRSt13_Ios_FmtflagsS_
FNDA:0,_ZStaNRSt13_Ios_FmtflagsS_
FNDA:0,_ZStcoSt13_Ios_Fmtflags
FNDA:0,_ZStorSt13_Ios_OpenmodeS_
FNDA:0,_ZStorSt12_Ios_IostateS_
FNDA:0,_ZNSt8ios_base4setfESt13_Ios_Fmtflags
FNDA:0,_ZNSt8ios_base4setfESt13_Ios_FmtflagsS0_
FNDA:0,_ZNSt8ios_base9precisionEi
FNDA:0,_ZNSt8ios_base5widthEi
FNDA:0,_ZSt9uppercaseRSt8ios_base
FNDA:0,_ZSt3hexRSt8ios_base
FNF:13
FNH:0
DA:84,0
DA:85,0
DA:88,0
DA:89,0
DA:96,0
DA:97,0
DA:100,0
DA:101,0
DA:108,0
DA:109,0
DA:128,0
DA:129,0
DA:166,0
DA:167,0
DA:577,0
DA:579,0
DA:580,0
DA:581,0
DA:594,0
DA:596,0
DA:597,0
DA:598,0
DA:599,0
DA:629,0
DA:631,0
DA:632,0
DA:633,0
DA:652,0
DA:654,0
DA:655,0
DA:656,0
DA:874,0
DA:876,0
DA:877,0
DA:940,0
DA:942,0
DA:943,0
LF:37
LH:0
end_of_record
SF:/usr/include/c++/4.5.1/bits/locale_facets.h
FN:864,_ZNKSt5ctypeIcE5widenEc
FNDA:0,_ZNKSt5ctypeIcE5widenEc
FNF:1
FNH:0
DA:864,0
DA:866,0
DA:867,0
DA:868,0
DA:869,0
LF:5
LH:0
end_of_record
SF:/usr/include/c++/4.5.1/bits/move.h
FN:106,_ZSt4swapIPSsEvRT_S2_
FN:106,_ZSt4swapIiEvRT_S1_
FNDA:0,_ZSt4swapIiEvRT_S1_
FNDA:0,_ZSt4swapIPSsEvRT_S2_
FNF:2
FNH:0
DA:106,0
DA:111,0
DA:112,0
DA:113,0
DA:114,0
LF:5
LH:0
end_of_record
SF:/usr/include/c++/4.5.1/bits/stl_algo.h
FN:150,_ZSt6__findIN9__gnu_cxx17__normal_iteratorIPKSsSt6vectorISsSaISsEEEESsET_S8_S8_RKT0_St26random_access_iterator_tag
FN:198,_ZSt9__find_ifIN9__gnu_cxx17__normal_iteratorIPN7testing12TestPropertyESt6vectorIS3_SaIS3_EEEENS2_8internal17TestPropertyKeyIsEET_SB_SB_T0_St26random_access_iterator_tag
FN:198,_ZSt9__find_ifIN9__gnu_cxx17__normal_iteratorIPPN7testing8TestCaseESt6vectorIS4_SaIS4_EEEENS2_8internal14TestCaseNameIsEET_SC_SC_T0_St26random_access_iterator_tag
FN:4179,_ZSt8for_eachIN9__gnu_cxx17__normal_iteratorIPKPN7testing11EnvironmentESt6vectorIS4_SaIS4_EEEEPFvS4_EET0_T_SE_SD_
FN:4179,_ZSt8for_eachIN9__gnu_cxx17__normal_iteratorIPKPN7testing17TestEventListenerESt6vectorIS4_SaIS4_EEEEPFvS4_EET0_T_SE_SD_
FN:4179,_ZSt8for_eachIN9__gnu_cxx17__normal_iteratorIPKPN7testing8TestCaseESt6vectorIS4_SaIS4_EEEEPFvS4_EET0_T_SE_SD_
FN:4179,_ZSt8for_eachISt16reverse_iteratorIN9__gnu_cxx17__normal_iteratorIPPN7testing11EnvironmentESt6vectorIS5_SaIS5_EEEEEPFvS5_EET0_T_SF_SE_
FN:4179,_ZSt8for_eachIN9__gnu_cxx17__normal_iteratorIPKPN7testing8TestInfoESt6vectorIS4_SaIS4_EEEEPFvS4_EET0_T_SE_SD_
FN:4201,_ZSt4findIN9__gnu_cxx17__normal_iteratorIPKSsSt6vectorISsSaISsEEEESsET_S8_S8_RKT0_
FN:4225,_ZSt7find_ifIN9__gnu_cxx17__normal_iteratorIPN7testing12TestPropertyESt6vectorIS3_SaIS3_EEEENS2_8internal17TestPropertyKeyIsEET_SB_SB_T0_
FN:4225,_ZSt7find_ifIN9__gnu_cxx17__normal_iteratorIPPN7testing8TestCaseESt6vectorIS4_SaIS4_EEEENS2_8internal14TestCaseNameIsEET_SC_SC_T0_
FNDA:0,_ZSt6__findIN9__gnu_cxx17__normal_iteratorIPKSsSt6vectorISsSaISsEEEESsET_S8_S8_RKT0_St26random_access_iterator_tag
FNDA:0,_ZSt9__find_ifIN9__gnu_cxx17__normal_iteratorIPN7testing12TestPropertyESt6vectorIS3_SaIS3_EEEENS2_8internal17TestPropertyKeyIsEET_SB_SB_T0_St26random_access_iterator_tag
FNDA:2,_ZSt9__find_ifIN9__gnu_cxx17__normal_iteratorIPPN7testing8TestCaseESt6vectorIS4_SaIS4_EEEENS2_8internal14TestCaseNameIsEET_SC_SC_T0_St26random_access_iterator_tag
FNDA:2,_ZSt8for_eachIN9__gnu_cxx17__normal_iteratorIPKPN7testing8TestCaseESt6vectorIS4_SaIS4_EEEEPFvS4_EET0_T_SE_SD_
FNDA:4,_ZSt8for_eachIN9__gnu_cxx17__normal_iteratorIPKPN7testing8TestInfoESt6vectorIS4_SaIS4_EEEEPFvS4_EET0_T_SE_SD_
FNDA:1,_ZSt8for_eachIN9__gnu_cxx17__normal_iteratorIPKPN7testing17TestEventListenerESt6vectorIS4_SaIS4_EEEEPFvS4_EET0_T_SE_SD_
FNDA:2,_ZSt8for_eachIN9__gnu_cxx17__normal_iteratorIPKPN7testing11EnvironmentESt6vectorIS4_SaIS4_EEEEPFvS4_EET0_T_SE_SD_
FNDA:1,_ZSt8for_eachISt16reverse_iteratorIN9__gnu_cxx17__normal_iteratorIPPN7testing11EnvironmentESt6vectorIS5_SaIS5_EEEEEPFvS5_EET0_T_SF_SE_
FNDA:0,_ZSt4findIN9__gnu_cxx17__normal_iteratorIPKSsSt6vectorISsSaISsEEEESsET_S8_S8_RKT0_
FNDA:2,_ZSt7find_ifIN9__gnu_cxx17__normal_iteratorIPPN7testing8TestCaseESt6vectorIS4_SaIS4_EEEENS2_8internal14TestCaseNameIsEET_SC_SC_T0_
FNDA:0,_ZSt7find_ifIN9__gnu_cxx17__normal_iteratorIPN7testing12TestPropertyESt6vectorIS3_SaIS3_EEEENS2_8internal17TestPropertyKeyIsEET_SB_SB_T0_
FNF:11
FNH:7
DA:150,0
DA:154,0
DA:156,0
DA:158,0
DA:159,0
DA:160,0
DA:162,0
DA:163,0
DA:164,0
DA:166,0
DA:167,0
DA:168,0
DA:170,0
DA:171,0
DA:172,0
DA:175,0
DA:178,0
DA:179,0
DA:180,0
DA:182,0
DA:183,0
DA:184,0
DA:186,0
DA:187,0
DA:188,0
DA:191,0
DA:198,2
DA:202,2
DA:204,2
DA:206,0
DA:207,0
DA:208,0
DA:210,0
DA:211,0
DA:212,0
DA:214,0
DA:215,0
DA:216,0
DA:218,0
DA:219,0
DA:220,0
DA:223,2
DA:226,0
DA:227,0
DA:228,0
DA:230,0
DA:231,0
DA:232,0
DA:234,1
DA:235,0
DA:236,1
DA:239,2
DA:4179,10
DA:4184,19
DA:4185,9
DA:4186,10
DA:4201,0
DA:4209,0
DA:4225,2
DA:4233,2
LF:60
LH:13
end_of_record
SF:/usr/include/c++/4.5.1/bits/stl_algobase.h
FN:186,_ZSt3minIjERKT_S2_S2_
FN:209,_ZSt3maxIjERKT_S2_S2_
FN:269,_ZNSt10_Iter_baseIPPcLb0EE7_S_baseES1_
FN:269,_ZNSt10_Iter_baseIPN7testing12TestPropertyELb0EE7_S_baseES2_
FN:269,_ZNSt10_Iter_baseIPN7testing14TestPartResultELb0EE7_S_baseES2_
FN:269,_ZNSt10_Iter_baseIPN7testing8internal9TraceInfoELb0EE7_S_baseES3_
FN:269,_ZNSt10_Iter_baseIPiLb0EE7_S_baseES0_
FN:269,_ZNSt10_Iter_baseIPSsLb0EE7_S_baseES0_
FN:269,_ZNSt10_Iter_baseIPPN7testing8TestCaseELb0EE7_S_baseES3_
FN:269,_ZNSt10_Iter_baseIPPN7testing11EnvironmentELb0EE7_S_baseES3_
FN:269,_ZNSt10_Iter_baseIN9__gnu_cxx17__normal_iteratorIPPN7testing17TestEventListenerESt6vectorIS4_SaIS4_EEEELb0EE7_S_baseES9_
FN:269,_ZNSt10_Iter_baseIPPN7testing8TestInfoELb0EE7_S_baseES3_
FN:269,_ZNSt10_Iter_baseIPPN7testing17TestEventListenerELb0EE7_S_baseES3_
FN:278,_ZNSt10_Iter_baseIN9__gnu_cxx17__normal_iteratorIPPN7testing17TestEventListenerESt6vectorIS4_SaIS4_EEEELb1EE7_S_baseES9_
FN:291,_ZSt12__niter_baseIPPN7testing17TestEventListenerEENSt11_Niter_baseIT_E13iterator_typeES5_
FN:291,_ZSt12__niter_baseIPPcENSt11_Niter_baseIT_E13iterator_typeES3_
FN:291,_ZSt12__niter_baseIPPN7testing11EnvironmentEENSt11_Niter_baseIT_E13iterator_typeES5_
FN:291,_ZSt12__niter_baseIPN7testing8internal9TraceInfoEENSt11_Niter_baseIT_E13iterator_typeES5_
FN:291,_ZSt12__niter_baseIPPN7testing8TestCaseEENSt11_Niter_baseIT_E13iterator_typeES5_
FN:291,_ZSt12__niter_baseIPiENSt11_Niter_baseIT_E13iterator_typeES2_
FN:291,_ZSt12__niter_baseIPN7testing12TestPropertyEENSt11_Niter_baseIT_E13iterator_typeES4_
FN:291,_ZSt12__niter_baseIPN7testing14TestPartResultEENSt11_Niter_baseIT_E13iterator_typeES4_
FN:291,_ZSt12__niter_baseIN9__gnu_cxx17__normal_iteratorIPPN7testing17TestEventListenerESt6vectorIS4_SaIS4_EEEEENSt11_Niter_baseIT_E13iterator_typeESB_
FN:291,_ZSt12__niter_baseIPPN7testing8TestInfoEENSt11_Niter_baseIT_E13iterator_typeES5_
FN:291,_ZSt12__niter_baseIPSsENSt11_Niter_baseIT_E13iterator_typeES2_
FN:302,_ZSt12__miter_baseIPPN7testing11EnvironmentEENSt11_Miter_baseIT_E13iterator_typeES5_
FN:302,_ZSt12__miter_baseIPPcENSt11_Miter_baseIT_E13iterator_typeES3_
FN:302,_ZSt12__miter_baseIPPN7testing8TestInfoEENSt11_Miter_baseIT_E13iterator_typeES5_
FN:302,_ZSt12__miter_baseIPiENSt11_Miter_baseIT_E13iterator_typeES2_
FN:302,_ZSt12__miter_baseIPSsENSt11_Miter_baseIT_E13iterator_typeES2_
FN:302,_ZSt12__miter_baseIPN7testing12TestPropertyEENSt11_Miter_baseIT_E13iterator_typeES4_
FN:302,_ZSt12__miter_baseIPPN7testing17TestEventListenerEENSt11_Miter_baseIT_E13iterator_typeES5_
FN:302,_ZSt12__miter_baseIPN7testing14TestPartResultEENSt11_Miter_baseIT_E13iterator_typeES4_
FN:302,_ZSt12__miter_baseIPN7testing8internal9TraceInfoEENSt11_Miter_baseIT_E13iterator_typeES5_
FN:302,_ZSt12__miter_baseIN9__gnu_cxx17__normal_iteratorIPPN7testing17TestEventListenerESt6vectorIS4_SaIS4_EEEEENSt11_Miter_baseIT_E13iterator_typeESB_
FN:302,_ZSt12__miter_baseIPPN7testing8TestCaseEENSt11_Miter_baseIT_E13iterator_typeES5_
FN:382,_ZNSt11__copy_moveILb0ELb1ESt26random_access_iterator_tagE8__copy_mIiEEPT_PKS3_S6_S4_
FN:382,_ZNSt11__copy_moveILb0ELb1ESt26random_access_iterator_tagE8__copy_mIPN7testing11EnvironmentEEEPT_PKS6_S9_S7_
FN:382,_ZNSt11__copy_moveILb0ELb1ESt26random_access_iterator_tagE8__copy_mIPN7testing8TestCaseEEEPT_PKS6_S9_S7_
FN:382,_ZNSt11__copy_moveILb0ELb1ESt26random_access_iterator_tagE8__copy_mIPN7testing17TestEventListenerEEEPT_PKS6_S9_S7_
FN:382,_ZNSt11__copy_moveILb0ELb1ESt26random_access_iterator_tagE8__copy_mIPcEEPT_PKS4_S7_S5_
FN:382,_ZNSt11__copy_moveILb0ELb1ESt26random_access_iterator_tagE8__copy_mIPN7testing8TestInfoEEEPT_PKS6_S9_S7_
FN:393,_ZSt13__copy_move_aILb0EPiS0_ET1_T0_S2_S1_
FN:393,_ZSt13__copy_move_aILb0EPPN7testing8TestCaseES3_ET1_T0_S5_S4_
FN:393,_ZSt13__copy_move_aILb0EPPcS1_ET1_T0_S3_S2_
FN:393,_ZSt13__copy_move_aILb0EPPN7testing17TestEventListenerES3_ET1_T0_S5_S4_
FN:393,_ZSt13__copy_move_aILb0EPPN7testing11EnvironmentES3_ET1_T0_S5_S4_
FN:393,_ZSt13__copy_move_aILb0EPPN7testing8TestInfoES3_ET1_T0_S5_S4_
FN:438,_ZSt14__copy_move_a2ILb0EPPN7testing8TestInfoES3_ET1_T0_S5_S4_
FN:438,_ZSt14__copy_move_a2ILb0EPiS0_ET1_T0_S2_S1_
FN:438,_ZSt14__copy_move_a2ILb0EPPcS1_ET1_T0_S3_S2_
FN:438,_ZSt14__copy_move_a2ILb0EPPN7testing11EnvironmentES3_ET1_T0_S5_S4_
FN:438,_ZSt14__copy_move_a2ILb0EN9__gnu_cxx17__normal_iteratorIPPN7testing17TestEventListenerESt6vectorIS4_SaIS4_EEEES9_ET1_T0_SB_SA_
FN:438,_ZSt14__copy_move_a2ILb0EPPN7testing17TestEventListenerES3_ET1_T0_S5_S4_
FN:438,_ZSt14__copy_move_a2ILb0EPPN7testing8TestCaseES3_ET1_T0_S5_S4_
FN:464,_ZSt4copyIPPcS1_ET0_T_S3_S2_
FN:464,_ZSt4copyIPiS0_ET0_T_S2_S1_
FN:464,_ZSt4copyIPPN7testing17TestEventListenerES3_ET0_T_S5_S4_
FN:464,_ZSt4copyIPPN7testing8TestInfoES3_ET0_T_S5_S4_
FN:464,_ZSt4copyIN9__gnu_cxx17__normal_iteratorIPPN7testing17TestEventListenerESt6vectorIS4_SaIS4_EEEES9_ET0_T_SB_SA_
FN:464,_ZSt4copyIPPN7testing8TestCaseES3_ET0_T_S5_S4_
FN:464,_ZSt4copyIPPN7testing11EnvironmentES3_ET0_T_S5_S4_
FN:547,_ZNSt20__copy_move_backwardILb0ELb0ESt26random_access_iterator_tagE13__copy_move_bIPN7testing12TestPropertyES5_EET0_T_S7_S6_
FN:547,_ZNSt20__copy_move_backwardILb0ELb0ESt26random_access_iterator_tagE13__copy_move_bIPSsS3_EET0_T_S5_S4_
FN:547,_ZNSt20__copy_move_backwardILb0ELb0ESt26random_access_iterator_tagE13__copy_move_bIPN7testing8internal9TraceInfoES6_EET0_T_S8_S7_
FN:547,_ZNSt20__copy_move_backwardILb0ELb0ESt26random_access_iterator_tagE13__copy_move_bIPN7testing14TestPartResultES5_EET0_T_S7_S6_
FN:577,_ZNSt20__copy_move_backwardILb0ELb1ESt26random_access_iterator_tagE13__copy_move_bIiEEPT_PKS3_S6_S4_
FN:577,_ZNSt20__copy_move_backwardILb0ELb1ESt26random_access_iterator_tagE13__copy_move_bIPcEEPT_PKS4_S7_S5_
FN:577,_ZNSt20__copy_move_backwardILb0ELb1ESt26random_access_iterator_tagE13__copy_move_bIPN7testing8TestInfoEEEPT_PKS6_S9_S7_
FN:577,_ZNSt20__copy_move_backwardILb0ELb1ESt26random_access_iterator_tagE13__copy_move_bIPN7testing11EnvironmentEEEPT_PKS6_S9_S7_
FN:577,_ZNSt20__copy_move_backwardILb0ELb1ESt26random_access_iterator_tagE13__copy_move_bIPN7testing8TestCaseEEEPT_PKS6_S9_S7_
FN:577,_ZNSt20__copy_move_backwardILb0ELb1ESt26random_access_iterator_tagE13__copy_move_bIPN7testing17TestEventListenerEEEPT_PKS6_S9_S7_
FN:588,_ZSt22__copy_move_backward_aILb0EPPN7testing17TestEventListenerES3_ET1_T0_S5_S4_
FN:588,_ZSt22__copy_move_backward_aILb0EPiS0_ET1_T0_S2_S1_
FN:588,_ZSt22__copy_move_backward_aILb0EPN7testing8internal9TraceInfoES3_ET1_T0_S5_S4_
FN:588,_ZSt22__copy_move_backward_aILb0EPPcS1_ET1_T0_S3_S2_
FN:588,_ZSt22__copy_move_backward_aILb0EPPN7testing11EnvironmentES3_ET1_T0_S5_S4_
FN:588,_ZSt22__copy_move_backward_aILb0EPSsS0_ET1_T0_S2_S1_
FN:588,_ZSt22__copy_move_backward_aILb0EPPN7testing8TestInfoES3_ET1_T0_S5_S4_
FN:588,_ZSt22__copy_move_backward_aILb0EPN7testing12TestPropertyES2_ET1_T0_S4_S3_
FN:588,_ZSt22__copy_move_backward_aILb0EPN7testing14TestPartResultES2_ET1_T0_S4_S3_
FN:588,_ZSt22__copy_move_backward_aILb0EPPN7testing8TestCaseES3_ET1_T0_S5_S4_
FN:606,_ZSt23__copy_move_backward_a2ILb0EPN7testing8internal9TraceInfoES3_ET1_T0_S5_S4_
FN:606,_ZSt23__copy_move_backward_a2ILb0EPN7testing12TestPropertyES2_ET1_T0_S4_S3_
FN:606,_ZSt23__copy_move_backward_a2ILb0EPPN7testing8TestInfoES3_ET1_T0_S5_S4_
FN:606,_ZSt23__copy_move_backward_a2ILb0EPSsS0_ET1_T0_S2_S1_
FN:606,_ZSt23__copy_move_backward_a2ILb0EPPN7testing8TestCaseES3_ET1_T0_S5_S4_
FN:606,_ZSt23__copy_move_backward_a2ILb0EPPcS1_ET1_T0_S3_S2_
FN:606,_ZSt23__copy_move_backward_a2ILb0EPPN7testing11EnvironmentES3_ET1_T0_S5_S4_
FN:606,_ZSt23__copy_move_backward_a2ILb0EPN7testing14TestPartResultES2_ET1_T0_S4_S3_
FN:606,_ZSt23__copy_move_backward_a2ILb0EPPN7testing17TestEventListenerES3_ET1_T0_S5_S4_
FN:606,_ZSt23__copy_move_backward_a2ILb0EPiS0_ET1_T0_S2_S1_
FN:633,_ZSt13copy_backwardIPiS0_ET0_T_S2_S1_
FN:633,_ZSt13copy_backwardIPN7testing8internal9TraceInfoES3_ET0_T_S5_S4_
FN:633,_ZSt13copy_backwardIPPN7testing11EnvironmentES3_ET0_T_S5_S4_
FN:633,_ZSt13copy_backwardIPN7testing14TestPartResultES2_ET0_T_S4_S3_
FN:633,_ZSt13copy_backwardIPPN7testing17TestEventListenerES3_ET0_T_S5_S4_
FN:633,_ZSt13copy_backwardIPPN7testing8TestInfoES3_ET0_T_S5_S4_
FN:633,_ZSt13copy_backwardIPPcS1_ET0_T_S3_S2_
FN:633,_ZSt13copy_backwardIPSsS0_ET0_T_S2_S1_
FN:633,_ZSt13copy_backwardIPN7testing12TestPropertyES2_ET0_T_S4_S3_
FN:633,_ZSt13copy_backwardIPPN7testing8TestCaseES3_ET0_T_S5_S4_
FNDA:0,_ZSt3minIjERKT_S2_S2_
FNDA:10,_ZSt3maxIjERKT_S2_S2_
FNDA:0,_ZNSt10_Iter_baseIN9__gnu_cxx17__normal_iteratorIPPN7testing17TestEventListenerESt6vectorIS4_SaIS4_EEEELb0EE7_S_baseES9_
FNDA:0,_ZNSt10_Iter_baseIPN7testing14TestPartResultELb0EE7_S_baseES2_
FNDA:0,_ZNSt10_Iter_baseIPN7testing12TestPropertyELb0EE7_S_baseES2_
FNDA:20,_ZNSt10_Iter_baseIPPN7testing8TestInfoELb0EE7_S_baseES3_
FNDA:40,_ZNSt10_Iter_baseIPiLb0EE7_S_baseES0_
FNDA:10,_ZNSt10_Iter_baseIPPN7testing17TestEventListenerELb0EE7_S_baseES3_
FNDA:0,_ZNSt10_Iter_baseIPPN7testing11EnvironmentELb0EE7_S_baseES3_
FNDA:0,_ZNSt10_Iter_baseIPN7testing8internal9TraceInfoELb0EE7_S_baseES3_
FNDA:20,_ZNSt10_Iter_baseIPPN7testing8TestCaseELb0EE7_S_baseES3_
FNDA:0,_ZNSt10_Iter_baseIPPcLb0EE7_S_baseES1_
FNDA:0,_ZNSt10_Iter_baseIPSsLb0EE7_S_baseES0_
FNDA:0,_ZNSt10_Iter_baseIN9__gnu_cxx17__normal_iteratorIPPN7testing17TestEventListenerESt6vectorIS4_SaIS4_EEEELb1EE7_S_baseES9_
FNDA:0,_ZSt12__niter_baseIPN7testing14TestPartResultEENSt11_Niter_baseIT_E13iterator_typeES4_
FNDA:0,_ZSt12__niter_baseIPN7testing12TestPropertyEENSt11_Niter_baseIT_E13iterator_typeES4_
FNDA:12,_ZSt12__niter_baseIPPN7testing8TestInfoEENSt11_Niter_baseIT_E13iterator_typeES5_
FNDA:24,_ZSt12__niter_baseIPiENSt11_Niter_baseIT_E13iterator_typeES2_
FNDA:6,_ZSt12__niter_baseIPPN7testing17TestEventListenerEENSt11_Niter_baseIT_E13iterator_typeES5_
FNDA:0,_ZSt12__niter_baseIN9__gnu_cxx17__normal_iteratorIPPN7testing17TestEventListenerESt6vectorIS4_SaIS4_EEEEENSt11_Niter_baseIT_E13iterator_typeESB_
FNDA:0,_ZSt12__niter_baseIPPN7testing11EnvironmentEENSt11_Niter_baseIT_E13iterator_typeES5_
FNDA:0,_ZSt12__niter_baseIPN7testing8internal9TraceInfoEENSt11_Niter_baseIT_E13iterator_typeES5_
FNDA:12,_ZSt12__niter_baseIPPN7testing8TestCaseEENSt11_Niter_baseIT_E13iterator_typeES5_
FNDA:0,_ZSt12__niter_baseIPPcENSt11_Niter_baseIT_E13iterator_typeES3_
FNDA:0,_ZSt12__niter_baseIPSsENSt11_Niter_baseIT_E13iterator_typeES2_
FNDA:0,_ZSt12__miter_baseIN9__gnu_cxx17__normal_iteratorIPPN7testing17TestEventListenerESt6vectorIS4_SaIS4_EEEEENSt11_Miter_baseIT_E13iterator_typeESB_
FNDA:0,_ZSt12__miter_baseIPN7testing14TestPartResultEENSt11_Miter_baseIT_E13iterator_typeES4_
FNDA:0,_ZSt12__miter_baseIPN7testing12TestPropertyEENSt11_Miter_baseIT_E13iterator_typeES4_
FNDA:8,_ZSt12__miter_baseIPPN7testing8TestInfoEENSt11_Miter_baseIT_E13iterator_typeES5_
FNDA:16,_ZSt12__miter_baseIPiENSt11_Miter_baseIT_E13iterator_typeES2_
FNDA:4,_ZSt12__miter_baseIPPN7testing17TestEventListenerEENSt11_Miter_baseIT_E13iterator_typeES5_
FNDA:0,_ZSt12__miter_baseIPPN7testing11EnvironmentEENSt11_Miter_baseIT_E13iterator_typeES5_
FNDA:0,_ZSt12__miter_baseIPN7testing8internal9TraceInfoEENSt11_Miter_baseIT_E13iterator_typeES5_
FNDA:8,_ZSt12__miter_baseIPPN7testing8TestCaseEENSt11_Miter_baseIT_E13iterator_typeES5_
FNDA:0,_ZSt12__miter_baseIPPcENSt11_Miter_baseIT_E13iterator_typeES3_
FNDA:0,_ZSt12__miter_baseIPSsENSt11_Miter_baseIT_E13iterator_typeES2_
FNDA:2,_ZNSt11__copy_moveILb0ELb1ESt26random_access_iterator_tagE8__copy_mIPN7testing17TestEventListenerEEEPT_PKS6_S9_S7_
FNDA:4,_ZNSt11__copy_moveILb0ELb1ESt26random_access_iterator_tagE8__copy_mIPN7testing8TestInfoEEEPT_PKS6_S9_S7_
FNDA:8,_ZNSt11__copy_moveILb0ELb1ESt26random_access_iterator_tagE8__copy_mIiEEPT_PKS3_S6_S4_
FNDA:0,_ZNSt11__copy_moveILb0ELb1ESt26random_access_iterator_tagE8__copy_mIPN7testing11EnvironmentEEEPT_PKS6_S9_S7_
FNDA:4,_ZNSt11__copy_moveILb0ELb1ESt26random_access_iterator_tagE8__copy_mIPN7testing8TestCaseEEEPT_PKS6_S9_S7_
FNDA:0,_ZNSt11__copy_moveILb0ELb1ESt26random_access_iterator_tagE8__copy_mIPcEEPT_PKS4_S7_S5_
FNDA:2,_ZSt13__copy_move_aILb0EPPN7testing17TestEventListenerES3_ET1_T0_S5_S4_
FNDA:4,_ZSt13__copy_move_aILb0EPPN7testing8TestInfoES3_ET1_T0_S5_S4_
FNDA:8,_ZSt13__copy_move_aILb0EPiS0_ET1_T0_S2_S1_
FNDA:0,_ZSt13__copy_move_aILb0EPPN7testing11EnvironmentES3_ET1_T0_S5_S4_
FNDA:4,_ZSt13__copy_move_aILb0EPPN7testing8TestCaseES3_ET1_T0_S5_S4_
FNDA:0,_ZSt13__copy_move_aILb0EPPcS1_ET1_T0_S3_S2_
FNDA:0,_ZSt14__copy_move_a2ILb0EN9__gnu_cxx17__normal_iteratorIPPN7testing17TestEventListenerESt6vectorIS4_SaIS4_EEEES9_ET1_T0_SB_SA_
FNDA:2,_ZSt14__copy_move_a2ILb0EPPN7testing17TestEventListenerES3_ET1_T0_S5_S4_
FNDA:4,_ZSt14__copy_move_a2ILb0EPPN7testing8TestInfoES3_ET1_T0_S5_S4_
FNDA:8,_ZSt14__copy_move_a2ILb0EPiS0_ET1_T0_S2_S1_
FNDA:0,_ZSt14__copy_move_a2ILb0EPPN7testing11EnvironmentES3_ET1_T0_S5_S4_
FNDA:4,_ZSt14__copy_move_a2ILb0EPPN7testing8TestCaseES3_ET1_T0_S5_S4_
FNDA:0,_ZSt14__copy_move_a2ILb0EPPcS1_ET1_T0_S3_S2_
FNDA:0,_ZSt4copyIN9__gnu_cxx17__normal_iteratorIPPN7testing17TestEventListenerESt6vectorIS4_SaIS4_EEEES9_ET0_T_SB_SA_
FNDA:2,_ZSt4copyIPPN7testing17TestEventListenerES3_ET0_T_S5_S4_
FNDA:4,_ZSt4copyIPPN7testing8TestInfoES3_ET0_T_S5_S4_
FNDA:8,_ZSt4copyIPiS0_ET0_T_S2_S1_
FNDA:0,_ZSt4copyIPPN7testing11EnvironmentES3_ET0_T_S5_S4_
FNDA:4,_ZSt4copyIPPN7testing8TestCaseES3_ET0_T_S5_S4_
FNDA:0,_ZSt4copyIPPcS1_ET0_T_S3_S2_
FNDA:0,_ZNSt20__copy_move_backwardILb0ELb0ESt26random_access_iterator_tagE13__copy_move_bIPN7testing14TestPartResultES5_EET0_T_S7_S6_
FNDA:0,_ZNSt20__copy_move_backwardILb0ELb0ESt26random_access_iterator_tagE13__copy_move_bIPN7testing12TestPropertyES5_EET0_T_S7_S6_
FNDA:0,_ZNSt20__copy_move_backwardILb0ELb0ESt26random_access_iterator_tagE13__copy_move_bIPN7testing8internal9TraceInfoES6_EET0_T_S8_S7_
FNDA:0,_ZNSt20__copy_move_backwardILb0ELb0ESt26random_access_iterator_tagE13__copy_move_bIPSsS3_EET0_T_S5_S4_
FNDA:0,_ZNSt20__copy_move_backwardILb0ELb1ESt26random_access_iterator_tagE13__copy_move_bIPN7testing8TestInfoEEEPT_PKS6_S9_S7_
FNDA:0,_ZNSt20__copy_move_backwardILb0ELb1ESt26random_access_iterator_tagE13__copy_move_bIiEEPT_PKS3_S6_S4_
FNDA:0,_ZNSt20__copy_move_backwardILb0ELb1ESt26random_access_iterator_tagE13__copy_move_bIPN7testing17TestEventListenerEEEPT_PKS6_S9_S7_
FNDA:0,_ZNSt20__copy_move_backwardILb0ELb1ESt26random_access_iterator_tagE13__copy_move_bIPN7testing11EnvironmentEEEPT_PKS6_S9_S7_
FNDA:0,_ZNSt20__copy_move_backwardILb0ELb1ESt26random_access_iterator_tagE13__copy_move_bIPN7testing8TestCaseEEEPT_PKS6_S9_S7_
FNDA:0,_ZNSt20__copy_move_backwardILb0ELb1ESt26random_access_iterator_tagE13__copy_move_bIPcEEPT_PKS4_S7_S5_
FNDA:0,_ZSt22__copy_move_backward_aILb0EPN7testing14TestPartResultES2_ET1_T0_S4_S3_
FNDA:0,_ZSt22__copy_move_backward_aILb0EPN7testing12TestPropertyES2_ET1_T0_S4_S3_
FNDA:0,_ZSt22__copy_move_backward_aILb0EPPN7testing8TestInfoES3_ET1_T0_S5_S4_
FNDA:0,_ZSt22__copy_move_backward_aILb0EPiS0_ET1_T0_S2_S1_
FNDA:0,_ZSt22__copy_move_backward_aILb0EPPN7testing17TestEventListenerES3_ET1_T0_S5_S4_
FNDA:0,_ZSt22__copy_move_backward_aILb0EPPN7testing11EnvironmentES3_ET1_T0_S5_S4_
FNDA:0,_ZSt22__copy_move_backward_aILb0EPN7testing8internal9TraceInfoES3_ET1_T0_S5_S4_
FNDA:0,_ZSt22__copy_move_backward_aILb0EPPN7testing8TestCaseES3_ET1_T0_S5_S4_
FNDA:0,_ZSt22__copy_move_backward_aILb0EPPcS1_ET1_T0_S3_S2_
FNDA:0,_ZSt22__copy_move_backward_aILb0EPSsS0_ET1_T0_S2_S1_
FNDA:0,_ZSt23__copy_move_backward_a2ILb0EPN7testing14TestPartResultES2_ET1_T0_S4_S3_
FNDA:0,_ZSt23__copy_move_backward_a2ILb0EPN7testing12TestPropertyES2_ET1_T0_S4_S3_
FNDA:0,_ZSt23__copy_move_backward_a2ILb0EPPN7testing8TestInfoES3_ET1_T0_S5_S4_
FNDA:0,_ZSt23__copy_move_backward_a2ILb0EPiS0_ET1_T0_S2_S1_
FNDA:0,_ZSt23__copy_move_backward_a2ILb0EPPN7testing17TestEventListenerES3_ET1_T0_S5_S4_
FNDA:0,_ZSt23__copy_move_backward_a2ILb0EPPN7testing11EnvironmentES3_ET1_T0_S5_S4_
FNDA:0,_ZSt23__copy_move_backward_a2ILb0EPN7testing8internal9TraceInfoES3_ET1_T0_S5_S4_
FNDA:0,_ZSt23__copy_move_backward_a2ILb0EPPN7testing8TestCaseES3_ET1_T0_S5_S4_
FNDA:0,_ZSt23__copy_move_backward_a2ILb0EPPcS1_ET1_T0_S3_S2_
FNDA:0,_ZSt23__copy_move_backward_a2ILb0EPSsS0_ET1_T0_S2_S1_
FNDA:0,_ZSt13copy_backwardIPN7testing14TestPartResultES2_ET0_T_S4_S3_
FNDA:0,_ZSt13copy_backwardIPN7testing12TestPropertyES2_ET0_T_S4_S3_
FNDA:0,_ZSt13copy_backwardIPPN7testing8TestInfoES3_ET0_T_S5_S4_
FNDA:0,_ZSt13copy_backwardIPiS0_ET0_T_S2_S1_
FNDA:0,_ZSt13copy_backwardIPPN7testing17TestEventListenerES3_ET0_T_S5_S4_
FNDA:0,_ZSt13copy_backwardIPPN7testing11EnvironmentES3_ET0_T_S5_S4_
FNDA:0,_ZSt13copy_backwardIPN7testing8internal9TraceInfoES3_ET0_T_S5_S4_
FNDA:0,_ZSt13copy_backwardIPPN7testing8TestCaseES3_ET0_T_S5_S4_
FNDA:0,_ZSt13copy_backwardIPPcS1_ET0_T_S3_S2_
FNDA:0,_ZSt13copy_backwardIPSsS0_ET0_T_S2_S1_
FNF:102
FNH:29
DA:186,0
DA:191,0
DA:192,0
DA:193,0
DA:209,10
DA:214,10
DA:215,8
DA:216,2
DA:269,90
DA:270,90
DA:278,0
DA:279,0
DA:291,54
DA:292,54
DA:302,36
DA:303,36
DA:382,18
DA:384,18
DA:385,18
DA:386,2
DA:387,18
DA:393,18
DA:401,18
DA:404,18
DA:438,18
DA:442,18
DA:464,18
DA:474,18
DA:547,0
DA:550,0
DA:551,0
DA:552,0
DA:577,0
DA:579,0
DA:580,0
DA:581,0
DA:582,0
DA:588,0
DA:596,0
DA:601,0
DA:606,0
DA:610,0
DA:633,0
DA:645,0
LF:44
LH:22
end_of_record
SF:/usr/include/c++/4.5.1/bits/stl_construct.h
FN:75,_ZSt10_ConstructISsSsEvPT_RKT0_
FN:75,_ZSt10_ConstructIN7testing12TestPropertyES1_EvPT_RKT0_
FN:75,_ZSt10_ConstructIN7testing8internal9TraceInfoES2_EvPT_RKT0_
FN:75,_ZSt10_ConstructIN7testing14TestPartResultES1_EvPT_RKT0_
FN:75,_ZSt10_ConstructISsPKcEvPT_RKT0_
FN:88,_ZSt8_DestroyIN7testing8internal9TraceInfoEEvPT_
FN:88,_ZSt8_DestroyIN7testing14TestPartResultEEvPT_
FN:88,_ZSt8_DestroyIN7testing12TestPropertyEEvPT_
FN:88,_ZSt8_DestroyISsEvPT_
FN:96,_ZNSt12_Destroy_auxILb0EE9__destroyIPN7testing14TestPartResultEEEvT_S5_
FN:96,_ZNSt12_Destroy_auxILb0EE9__destroyIPSsEEvT_S3_
FN:96,_ZNSt12_Destroy_auxILb0EE9__destroyIPN7testing8internal9TraceInfoEEEvT_S6_
FN:96,_ZNSt12_Destroy_auxILb0EE9__destroyIPN7testing12TestPropertyEEEvT_S5_
FN:108,_ZNSt12_Destroy_auxILb1EE9__destroyIPPN7testing8TestInfoEEEvT_S6_
FN:108,_ZNSt12_Destroy_auxILb1EE9__destroyIPiEEvT_S3_
FN:108,_ZNSt12_Destroy_auxILb1EE9__destroyIPPN7testing8internal29ParameterizedTestCaseInfoBaseEEEvT_S7_
FN:108,_ZNSt12_Destroy_auxILb1EE9__destroyIPPN7testing17TestEventListenerEEEvT_S6_
FN:108,_ZNSt12_Destroy_auxILb1EE9__destroyIPPN7testing11EnvironmentEEEvT_S6_
FN:108,_ZNSt12_Destroy_auxILb1EE9__destroyIPPN7testing8TestCaseEEEvT_S6_
FN:108,_ZNSt12_Destroy_auxILb1EE9__destroyIPPcEEvT_S4_
FN:118,_ZSt8_DestroyIPPN7testing17TestEventListenerEEvT_S4_
FN:118,_ZSt8_DestroyIPiEvT_S1_
FN:118,_ZSt8_DestroyIPN7testing8internal9TraceInfoEEvT_S4_
FN:118,_ZSt8_DestroyIPPN7testing8TestCaseEEvT_S4_
FN:118,_ZSt8_DestroyIPN7testing14TestPartResultEEvT_S3_
FN:118,_ZSt8_DestroyIPSsEvT_S1_
FN:118,_ZSt8_DestroyIPPcEvT_S2_
FN:118,_ZSt8_DestroyIPN7testing12TestPropertyEEvT_S3_
FN:118,_ZSt8_DestroyIPPN7testing11EnvironmentEEvT_S4_
FN:118,_ZSt8_DestroyIPPN7testing8TestInfoEEvT_S4_
FN:118,_ZSt8_DestroyIPPN7testing8internal29ParameterizedTestCaseInfoBaseEEvT_S5_
FN:145,_ZSt8_DestroyIPPN7testing8TestCaseES2_EvT_S4_RSaIT0_E
FN:145,_ZSt8_DestroyIPiiEvT_S1_RSaIT0_E
FN:145,_ZSt8_DestroyIPPN7testing11EnvironmentES2_EvT_S4_RSaIT0_E
FN:145,_ZSt8_DestroyIPN7testing14TestPartResultES1_EvT_S3_RSaIT0_E
FN:145,_ZSt8_DestroyIPSsSsEvT_S1_RSaIT0_E
FN:145,_ZSt8_DestroyIPPN7testing17TestEventListenerES2_EvT_S4_RSaIT0_E
FN:145,_ZSt8_DestroyIPPN7testing8TestInfoES2_EvT_S4_RSaIT0_E
FN:145,_ZSt8_DestroyIPN7testing12TestPropertyES1_EvT_S3_RSaIT0_E
FN:145,_ZSt8_DestroyIPPcS0_EvT_S2_RSaIT0_E
FN:145,_ZSt8_DestroyIPN7testing8internal9TraceInfoES2_EvT_S4_RSaIT0_E
FN:145,_ZSt8_DestroyIPPN7testing8internal29ParameterizedTestCaseInfoBaseES3_EvT_S5_RSaIT0_E
FNDA:0,_ZSt10_ConstructISsSsEvPT_RKT0_
FNDA:0,_ZSt10_ConstructIN7testing14TestPartResultES1_EvPT_RKT0_
FNDA:0,_ZSt10_ConstructIN7testing12TestPropertyES1_EvPT_RKT0_
FNDA:0,_ZSt10_ConstructIN7testing8internal9TraceInfoES2_EvPT_RKT0_
FNDA:0,_ZSt10_ConstructISsPKcEvPT_RKT0_
FNDA:0,_ZSt8_DestroyIN7testing14TestPartResultEEvPT_
FNDA:0,_ZSt8_DestroyIN7testing12TestPropertyEEvPT_
FNDA:1,_ZSt8_DestroyISsEvPT_
FNDA:0,_ZSt8_DestroyIN7testing8internal9TraceInfoEEvPT_
FNDA:9,_ZNSt12_Destroy_auxILb0EE9__destroyIPN7testing14TestPartResultEEEvT_S5_
FNDA:9,_ZNSt12_Destroy_auxILb0EE9__destroyIPN7testing12TestPropertyEEEvT_S5_
FNDA:3,_ZNSt12_Destroy_auxILb0EE9__destroyIPSsEEvT_S3_
FNDA:1,_ZNSt12_Destroy_auxILb0EE9__destroyIPN7testing8internal9TraceInfoEEEvT_S6_
FNDA:1,_ZNSt12_Destroy_auxILb1EE9__destroyIPPN7testing8internal29ParameterizedTestCaseInfoBaseEEEvT_S7_
FNDA:4,_ZNSt12_Destroy_auxILb1EE9__destroyIPPN7testing8TestInfoEEEvT_S6_
FNDA:7,_ZNSt12_Destroy_auxILb1EE9__destroyIPiEEvT_S3_
FNDA:2,_ZNSt12_Destroy_auxILb1EE9__destroyIPPN7testing17TestEventListenerEEEvT_S6_
FNDA:1,_ZNSt12_Destroy_auxILb1EE9__destroyIPPN7testing11EnvironmentEEEvT_S6_
FNDA:3,_ZNSt12_Destroy_auxILb1EE9__destroyIPPN7testing8TestCaseEEEvT_S6_
FNDA:0,_ZNSt12_Destroy_auxILb1EE9__destroyIPPcEEvT_S4_
FNDA:1,_ZSt8_DestroyIPPN7testing8internal29ParameterizedTestCaseInfoBaseEEvT_S5_
FNDA:4,_ZSt8_DestroyIPPN7testing8TestInfoEEvT_S4_
FNDA:7,_ZSt8_DestroyIPiEvT_S1_
FNDA:2,_ZSt8_DestroyIPPN7testing17TestEventListenerEEvT_S4_
FNDA:1,_ZSt8_DestroyIPPN7testing11EnvironmentEEvT_S4_
FNDA:3,_ZSt8_DestroyIPPN7testing8TestCaseEEvT_S4_
FNDA:0,_ZSt8_DestroyIPPcEvT_S2_
FNDA:9,_ZSt8_DestroyIPN7testing14TestPartResultEEvT_S3_
FNDA:9,_ZSt8_DestroyIPN7testing12TestPropertyEEvT_S3_
FNDA:3,_ZSt8_DestroyIPSsEvT_S1_
FNDA:1,_ZSt8_DestroyIPN7testing8internal9TraceInfoEEvT_S4_
FNDA:1,_ZSt8_DestroyIPPN7testing8internal29ParameterizedTestCaseInfoBaseES3_EvT_S5_RSaIT0_E
FNDA:4,_ZSt8_DestroyIPPN7testing8TestInfoES2_EvT_S4_RSaIT0_E
FNDA:7,_ZSt8_DestroyIPiiEvT_S1_RSaIT0_E
FNDA:2,_ZSt8_DestroyIPPN7testing17TestEventListenerES2_EvT_S4_RSaIT0_E
FNDA:1,_ZSt8_DestroyIPPN7testing11EnvironmentES2_EvT_S4_RSaIT0_E
FNDA:3,_ZSt8_DestroyIPPN7testing8TestCaseES2_EvT_S4_RSaIT0_E
FNDA:0,_ZSt8_DestroyIPPcS0_EvT_S2_RSaIT0_E
FNDA:9,_ZSt8_DestroyIPN7testing14TestPartResultES1_EvT_S3_RSaIT0_E
FNDA:9,_ZSt8_DestroyIPN7testing12TestPropertyES1_EvT_S3_RSaIT0_E
FNDA:3,_ZSt8_DestroyIPSsSsEvT_S1_RSaIT0_E
FNDA:1,_ZSt8_DestroyIPN7testing8internal9TraceInfoES2_EvT_S4_RSaIT0_E
FNF:42
FNH:31
DA:75,0
DA:80,0
DA:81,0
DA:88,1
DA:89,1
DA:96,22
DA:98,23
DA:99,1
DA:100,22
DA:108,18
DA:118,40
DA:122,40
DA:124,40
DA:145,40
DA:148,40
DA:149,40
LF:16
LH:13
end_of_record
SF:/usr/include/c++/4.5.1/bits/stl_function.h
FN:229,_ZNKSt4lessISsEclERKSsS2_
FN:475,_ZNKSt9_IdentityISsEclERKSs
FNDA:0,_ZNKSt4lessISsEclERKSsS2_
FNDA:0,_ZNKSt9_IdentityISsEclERKSs
FNF:2
FNH:0
DA:229,0
DA:230,0
DA:475,0
DA:476,0
LF:4
LH:0
end_of_record
SF:/usr/include/c++/4.5.1/bits/stl_iterator.h
FN:125,_ZNSt16reverse_iteratorIN9__gnu_cxx17__normal_iteratorIPPN7testing11EnvironmentESt6vectorIS4_SaIS4_EEEEEC2ES9_
FN:145,_ZNKSt16reverse_iteratorIN9__gnu_cxx17__normal_iteratorIPPN7testing11EnvironmentESt6vectorIS4_SaIS4_EEEEE4baseEv
FN:154,_ZNKSt16reverse_iteratorIN9__gnu_cxx17__normal_iteratorIPPN7testing11EnvironmentESt6vectorIS4_SaIS4_EEEEEdeEv
FN:175,_ZNSt16reverse_iteratorIN9__gnu_cxx17__normal_iteratorIPPN7testing11EnvironmentESt6vectorIS4_SaIS4_EEEEEppEv
FN:283,_ZSteqIN9__gnu_cxx17__normal_iteratorIPPN7testing11EnvironmentESt6vectorIS4_SaIS4_EEEEEbRKSt16reverse_iteratorIT_ESE_
FN:295,_ZStneIN9__gnu_cxx17__normal_iteratorIPPN7testing11EnvironmentESt6vectorIS4_SaIS4_EEEEEbRKSt16reverse_iteratorIT_ESE_
FN:715,_ZN9__gnu_cxx17__normal_iteratorIPSsSt6vectorISsSaISsEEEC2ERKS1_
FN:715,_ZN9__gnu_cxx17__normal_iteratorIPKSsSt6vectorISsSaISsEEEC2ERKS2_
FN:715,_ZN9__gnu_cxx17__normal_iteratorIPPN7testing8internal29ParameterizedTestCaseInfoBaseESt6vectorIS4_SaIS4_EEEC2ERKS5_
FN:715,_ZN9__gnu_cxx17__normal_iteratorIPKN7testing8internal9TraceInfoESt6vectorIS3_SaIS3_EEEC2ERKS5_
FN:715,_ZN9__gnu_cxx17__normal_iteratorIPN7testing12TestPropertyESt6vectorIS2_SaIS2_EEEC2ERKS3_
FN:715,_ZN9__gnu_cxx17__normal_iteratorIPKPN7testing8TestCaseESt6vectorIS3_SaIS3_EEEC2ERKS5_
FN:715,_ZN9__gnu_cxx17__normal_iteratorIPKPN7testing11EnvironmentESt6vectorIS3_SaIS3_EEEC2ERKS5_
FN:715,_ZN9__gnu_cxx17__normal_iteratorIPN7testing14TestPartResultESt6vectorIS2_SaIS2_EEEC2ERKS3_
FN:715,_ZN9__gnu_cxx17__normal_iteratorIPKPN7testing17TestEventListenerESt6vectorIS3_SaIS3_EEEC2ERKS5_
FN:715,_ZN9__gnu_cxx17__normal_iteratorIPKN7testing14TestPartResultESt6vectorIS2_SaIS2_EEEC2ERKS4_
FN:715,_ZN9__gnu_cxx17__normal_iteratorIPPcSt6vectorIS1_SaIS1_EEEC2ERKS2_
FN:715,_ZN9__gnu_cxx17__normal_iteratorIPKPN7testing8TestInfoESt6vectorIS3_SaIS3_EEEC2ERKS5_
FN:715,_ZN9__gnu_cxx17__normal_iteratorIPPN7testing8TestInfoESt6vectorIS3_SaIS3_EEEC2ERKS4_
FN:715,_ZN9__gnu_cxx17__normal_iteratorIPiSt6vectorIiSaIiEEEC2ERKS1_
FN:715,_ZN9__gnu_cxx17__normal_iteratorIPPN7testing8TestCaseESt6vectorIS3_SaIS3_EEEC2ERKS4_
FN:715,_ZN9__gnu_cxx17__normal_iteratorIPKcSsEC2ERKS2_
FN:715,_ZN9__gnu_cxx17__normal_iteratorIPPN7testing17TestEventListenerESt6vectorIS3_SaIS3_EEEC2ERKS4_
FN:715,_ZN9__gnu_cxx17__normal_iteratorIPN7testing8internal9TraceInfoESt6vectorIS3_SaIS3_EEEC2ERKS4_
FN:715,_ZN9__gnu_cxx17__normal_iteratorIPPN7testing11EnvironmentESt6vectorIS3_SaIS3_EEEC2ERKS4_
FN:719,_ZN9__gnu_cxx17__normal_iteratorIPKPN7testing8TestCaseESt6vectorIS3_SaIS3_EEEC2IPS3_EERKNS0_IT_NS_11__enable_ifIXsrSt10__are_sameISC_SB_E7__valueES8_E6__typeEEE
FN:727,_ZNK9__gnu_cxx17__normal_iteratorIPKPN7testing8TestInfoESt6vectorIS3_SaIS3_EEEdeEv
FN:727,_ZNK9__gnu_cxx17__normal_iteratorIPKPN7testing17TestEventListenerESt6vectorIS3_SaIS3_EEEdeEv
FN:727,_ZNK9__gnu_cxx17__normal_iteratorIPPN7testing8TestCaseESt6vectorIS3_SaIS3_EEEdeEv
FN:727,_ZNK9__gnu_cxx17__normal_iteratorIPPN7testing8internal29ParameterizedTestCaseInfoBaseESt6vectorIS4_SaIS4_EEEdeEv
FN:727,_ZNK9__gnu_cxx17__normal_iteratorIPiSt6vectorIiSaIiEEEdeEv
FN:727,_ZNK9__gnu_cxx17__normal_iteratorIPPN7testing11EnvironmentESt6vectorIS3_SaIS3_EEEdeEv
FN:727,_ZNK9__gnu_cxx17__normal_iteratorIPPcSt6vectorIS1_SaIS1_EEEdeEv
FN:727,_ZNK9__gnu_cxx17__normal_iteratorIPKSsSt6vectorISsSaISsEEEdeEv
FN:727,_ZNK9__gnu_cxx17__normal_iteratorIPKN7testing8internal9TraceInfoESt6vectorIS3_SaIS3_EEEdeEv
FN:727,_ZNK9__gnu_cxx17__normal_iteratorIPKPN7testing8TestCaseESt6vectorIS3_SaIS3_EEEdeEv
FN:727,_ZNK9__gnu_cxx17__normal_iteratorIPKPN7testing11EnvironmentESt6vectorIS3_SaIS3_EEEdeEv
FN:727,_ZNK9__gnu_cxx17__normal_iteratorIPN7testing12TestPropertyESt6vectorIS2_SaIS2_EEEdeEv
FN:727,_ZNK9__gnu_cxx17__normal_iteratorIPPN7testing8TestInfoESt6vectorIS3_SaIS3_EEEdeEv
FN:727,_ZNK9__gnu_cxx17__normal_iteratorIPPN7testing17TestEventListenerESt6vectorIS3_SaIS3_EEEdeEv
FN:727,_ZNK9__gnu_cxx17__normal_iteratorIPN7testing8internal9TraceInfoESt6vectorIS3_SaIS3_EEEdeEv
FN:727,_ZNK9__gnu_cxx17__normal_iteratorIPKcSsEdeEv
FN:727,_ZNK9__gnu_cxx17__normal_iteratorIPKN7testing14TestPartResultESt6vectorIS2_SaIS2_EEEdeEv
FN:727,_ZNK9__gnu_cxx17__normal_iteratorIPSsSt6vectorISsSaISsEEEdeEv
FN:727,_ZNK9__gnu_cxx17__normal_iteratorIPN7testing14TestPartResultESt6vectorIS2_SaIS2_EEEdeEv
FN:731,_ZNK9__gnu_cxx17__normal_iteratorIPN7testing12TestPropertyESt6vectorIS2_SaIS2_EEEptEv
FN:731,_ZNK9__gnu_cxx17__normal_iteratorIPKSsSt6vectorISsSaISsEEEptEv
FN:735,_ZN9__gnu_cxx17__normal_iteratorIPKN7testing8internal9TraceInfoESt6vectorIS3_SaIS3_EEEppEv
FN:735,_ZN9__gnu_cxx17__normal_iteratorIPPN7testing8TestCaseESt6vectorIS3_SaIS3_EEEppEv
FN:735,_ZN9__gnu_cxx17__normal_iteratorIPKcSsEppEv
FN:735,_ZN9__gnu_cxx17__normal_iteratorIPKPN7testing11EnvironmentESt6vectorIS3_SaIS3_EEEppEv
FN:735,_ZN9__gnu_cxx17__normal_iteratorIPPN7testing8internal29ParameterizedTestCaseInfoBaseESt6vectorIS4_SaIS4_EEEppEv
FN:735,_ZN9__gnu_cxx17__normal_iteratorIPKSsSt6vectorISsSaISsEEEppEv
FN:735,_ZN9__gnu_cxx17__normal_iteratorIPKPN7testing8TestInfoESt6vectorIS3_SaIS3_EEEppEv
FN:735,_ZN9__gnu_cxx17__normal_iteratorIPKPN7testing17TestEventListenerESt6vectorIS3_SaIS3_EEEppEv
FN:735,_ZN9__gnu_cxx17__normal_iteratorIPN7testing12TestPropertyESt6vectorIS2_SaIS2_EEEppEv
FN:735,_ZN9__gnu_cxx17__normal_iteratorIPKPN7testing8TestCaseESt6vectorIS3_SaIS3_EEEppEv
FN:735,_ZN9__gnu_cxx17__normal_iteratorIPPcSt6vectorIS1_SaIS1_EEEppEv
FN:735,_ZN9__gnu_cxx17__normal_iteratorIPKN7testing14TestPartResultESt6vectorIS2_SaIS2_EEEppEv
FN:747,_ZN9__gnu_cxx17__normal_iteratorIPPN7testing11EnvironmentESt6vectorIS3_SaIS3_EEEmmEv
FN:767,_ZNK9__gnu_cxx17__normal_iteratorIPPN7testing17TestEventListenerESt6vectorIS3_SaIS3_EEEplERKi
FN:767,_ZNK9__gnu_cxx17__normal_iteratorIPPN7testing8TestCaseESt6vectorIS3_SaIS3_EEEplERKi
FN:775,_ZNK9__gnu_cxx17__normal_iteratorIPPcSt6vectorIS1_SaIS1_EEEmiERKi
FN:779,_ZNK9__gnu_cxx17__normal_iteratorIPKPN7testing8TestCaseESt6vectorIS3_SaIS3_EEE4baseEv
FN:779,_ZNK9__gnu_cxx17__normal_iteratorIPKcSsE4baseEv
FN:779,_ZNK9__gnu_cxx17__normal_iteratorIPSsSt6vectorISsSaISsEEE4baseEv
FN:779,_ZNK9__gnu_cxx17__normal_iteratorIPPN7testing8TestCaseESt6vectorIS3_SaIS3_EEE4baseEv
FN:779,_ZNK9__gnu_cxx17__normal_iteratorIPPN7testing11EnvironmentESt6vectorIS3_SaIS3_EEE4baseEv
FN:779,_ZNK9__gnu_cxx17__normal_iteratorIPPN7testing8TestInfoESt6vectorIS3_SaIS3_EEE4baseEv
FN:779,_ZNK9__gnu_cxx17__normal_iteratorIPN7testing14TestPartResultESt6vectorIS2_SaIS2_EEE4baseEv
FN:779,_ZNK9__gnu_cxx17__normal_iteratorIPN7testing8internal9TraceInfoESt6vectorIS3_SaIS3_EEE4baseEv
FN:779,_ZNK9__gnu_cxx17__normal_iteratorIPKN7testing14TestPartResultESt6vectorIS2_SaIS2_EEE4baseEv
FN:779,_ZNK9__gnu_cxx17__normal_iteratorIPKPN7testing11EnvironmentESt6vectorIS3_SaIS3_EEE4baseEv
FN:779,_ZNK9__gnu_cxx17__normal_iteratorIPKPN7testing17TestEventListenerESt6vectorIS3_SaIS3_EEE4baseEv
FN:779,_ZNK9__gnu_cxx17__normal_iteratorIPiSt6vectorIiSaIiEEE4baseEv
FN:779,_ZNK9__gnu_cxx17__normal_iteratorIPN7testing12TestPropertyESt6vectorIS2_SaIS2_EEE4baseEv
FN:779,_ZNK9__gnu_cxx17__normal_iteratorIPKSsSt6vectorISsSaISsEEE4baseEv
FN:779,_ZNK9__gnu_cxx17__normal_iteratorIPPN7testing17TestEventListenerESt6vectorIS3_SaIS3_EEE4baseEv
FN:779,_ZNK9__gnu_cxx17__normal_iteratorIPPN7testing8internal29ParameterizedTestCaseInfoBaseESt6vectorIS4_SaIS4_EEE4baseEv
FN:779,_ZNK9__gnu_cxx17__normal_iteratorIPKN7testing8internal9TraceInfoESt6vectorIS3_SaIS3_EEE4baseEv
FN:779,_ZNK9__gnu_cxx17__normal_iteratorIPPcSt6vectorIS1_SaIS1_EEE4baseEv
FN:779,_ZNK9__gnu_cxx17__normal_iteratorIPKPN7testing8TestInfoESt6vectorIS3_SaIS3_EEE4baseEv
FN:800,_ZN9__gnu_cxxeqIPPN7testing11EnvironmentESt6vectorIS3_SaIS3_EEEEbRKNS_17__normal_iteratorIT_T0_EESD_
FN:800,_ZN9__gnu_cxxeqIPPcSt6vectorIS1_SaIS1_EEEEbRKNS_17__normal_iteratorIT_T0_EESB_
FN:800,_ZN9__gnu_cxxeqIPPN7testing8TestCaseESt6vectorIS3_SaIS3_EEEEbRKNS_17__normal_iteratorIT_T0_EESD_
FN:800,_ZN9__gnu_cxxeqIPN7testing12TestPropertyESt6vectorIS2_SaIS2_EEEEbRKNS_17__normal_iteratorIT_T0_EESC_
FN:806,_ZN9__gnu_cxxneIPKPN7testing8TestCaseEPS3_St6vectorIS3_SaIS3_EEEEbRKNS_17__normal_iteratorIT_T1_EERKNSA_IT0_SC_EE
FN:812,_ZN9__gnu_cxxneIPKN7testing14TestPartResultESt6vectorIS2_SaIS2_EEEEbRKNS_17__normal_iteratorIT_T0_EESD_
FN:812,_ZN9__gnu_cxxneIPPcSt6vectorIS1_SaIS1_EEEEbRKNS_17__normal_iteratorIT_T0_EESB_
FN:812,_ZN9__gnu_cxxneIPKcSsEEbRKNS_17__normal_iteratorIT_T0_EES8_
FN:812,_ZN9__gnu_cxxneIPKPN7testing8TestCaseESt6vectorIS3_SaIS3_EEEEbRKNS_17__normal_iteratorIT_T0_EESE_
FN:812,_ZN9__gnu_cxxneIPKPN7testing17TestEventListenerESt6vectorIS3_SaIS3_EEEEbRKNS_17__normal_iteratorIT_T0_EESE_
FN:812,_ZN9__gnu_cxxneIPKSsSt6vectorISsSaISsEEEEbRKNS_17__normal_iteratorIT_T0_EESB_
FN:812,_ZN9__gnu_cxxneIPKPN7testing8TestInfoESt6vectorIS3_SaIS3_EEEEbRKNS_17__normal_iteratorIT_T0_EESE_
FN:812,_ZN9__gnu_cxxneIPPN7testing8internal29ParameterizedTestCaseInfoBaseESt6vectorIS4_SaIS4_EEEEbRKNS_17__normal_iteratorIT_T0_EESE_
FN:812,_ZN9__gnu_cxxneIPKN7testing8internal9TraceInfoESt6vectorIS3_SaIS3_EEEEbRKNS_17__normal_iteratorIT_T0_EESE_
FN:812,_ZN9__gnu_cxxneIPPN7testing17TestEventListenerESt6vectorIS3_SaIS3_EEEEbRKNS_17__normal_iteratorIT_T0_EESD_
FN:812,_ZN9__gnu_cxxneIPKPN7testing11EnvironmentESt6vectorIS3_SaIS3_EEEEbRKNS_17__normal_iteratorIT_T0_EESE_
FN:885,_ZN9__gnu_cxxmiIPN7testing14TestPartResultESt6vectorIS2_SaIS2_EEEENS_17__normal_iteratorIT_T0_E15difference_typeERKSA_SD_
FN:885,_ZN9__gnu_cxxmiIPPN7testing8TestInfoESt6vectorIS3_SaIS3_EEEENS_17__normal_iteratorIT_T0_E15difference_typeERKSB_SE_
FN:885,_ZN9__gnu_cxxmiIPiSt6vectorIiSaIiEEEENS_17__normal_iteratorIT_T0_E15difference_typeERKS8_SB_
FN:885,_ZN9__gnu_cxxmiIPPN7testing17TestEventListenerESt6vectorIS3_SaIS3_EEEENS_17__normal_iteratorIT_T0_E15difference_typeERKSB_SE_
FN:885,_ZN9__gnu_cxxmiIPSsSt6vectorISsSaISsEEEENS_17__normal_iteratorIT_T0_E15difference_typeERKS8_SB_
FN:885,_ZN9__gnu_cxxmiIPN7testing8internal9TraceInfoESt6vectorIS3_SaIS3_EEEENS_17__normal_iteratorIT_T0_E15difference_typeERKSB_SE_
FN:885,_ZN9__gnu_cxxmiIPN7testing12TestPropertyESt6vectorIS2_SaIS2_EEEENS_17__normal_iteratorIT_T0_E15difference_typeERKSA_SD_
FN:885,_ZN9__gnu_cxxmiIPKSsSt6vectorISsSaISsEEEENS_17__normal_iteratorIT_T0_E15difference_typeERKS9_SC_
FN:885,_ZN9__gnu_cxxmiIPPcSt6vectorIS1_SaIS1_EEEENS_17__normal_iteratorIT_T0_E15difference_typeERKS9_SC_
FN:885,_ZN9__gnu_cxxmiIPPN7testing11EnvironmentESt6vectorIS3_SaIS3_EEEENS_17__normal_iteratorIT_T0_E15difference_typeERKSB_SE_
FN:885,_ZN9__gnu_cxxmiIPPN7testing8TestCaseESt6vectorIS3_SaIS3_EEEENS_17__normal_iteratorIT_T0_E15difference_typeERKSB_SE_
FNDA:2,_ZNSt16reverse_iteratorIN9__gnu_cxx17__normal_iteratorIPPN7testing11EnvironmentESt6vectorIS4_SaIS4_EEEEEC2ES9_
FNDA:2,_ZNKSt16reverse_iteratorIN9__gnu_cxx17__normal_iteratorIPPN7testing11EnvironmentESt6vectorIS4_SaIS4_EEEEE4baseEv
FNDA:0,_ZNKSt16reverse_iteratorIN9__gnu_cxx17__normal_iteratorIPPN7testing11EnvironmentESt6vectorIS4_SaIS4_EEEEEdeEv
FNDA:0,_ZNSt16reverse_iteratorIN9__gnu_cxx17__normal_iteratorIPPN7testing11EnvironmentESt6vectorIS4_SaIS4_EEEEEppEv
FNDA:1,_ZSteqIN9__gnu_cxx17__normal_iteratorIPPN7testing11EnvironmentESt6vectorIS4_SaIS4_EEEEEbRKSt16reverse_iteratorIT_ESE_
FNDA:1,_ZStneIN9__gnu_cxx17__normal_iteratorIPPN7testing11EnvironmentESt6vectorIS4_SaIS4_EEEEEbRKSt16reverse_iteratorIT_ESE_
FNDA:4,_ZN9__gnu_cxx17__normal_iteratorIPPN7testing8internal29ParameterizedTestCaseInfoBaseESt6vectorIS4_SaIS4_EEEC2ERKS5_
FNDA:0,_ZN9__gnu_cxx17__normal_iteratorIPN7testing12TestPropertyESt6vectorIS2_SaIS2_EEEC2ERKS3_
FNDA:0,_ZN9__gnu_cxx17__normal_iteratorIPKSsSt6vectorISsSaISsEEEC2ERKS2_
FNDA:2,_ZN9__gnu_cxx17__normal_iteratorIPPN7testing17TestEventListenerESt6vectorIS3_SaIS3_EEEC2ERKS4_
FNDA:0,_ZN9__gnu_cxx17__normal_iteratorIPKcSsEC2ERKS2_
FNDA:10,_ZN9__gnu_cxx17__normal_iteratorIPPN7testing8TestCaseESt6vectorIS3_SaIS3_EEEC2ERKS4_
FNDA:0,_ZN9__gnu_cxx17__normal_iteratorIPPcSt6vectorIS1_SaIS1_EEEC2ERKS2_
FNDA:20,_ZN9__gnu_cxx17__normal_iteratorIPKPN7testing8TestCaseESt6vectorIS3_SaIS3_EEEC2ERKS5_
FNDA:0,_ZN9__gnu_cxx17__normal_iteratorIPN7testing14TestPartResultESt6vectorIS2_SaIS2_EEEC2ERKS3_
FNDA:10,_ZN9__gnu_cxx17__normal_iteratorIPKN7testing14TestPartResultESt6vectorIS2_SaIS2_EEEC2ERKS4_
FNDA:62,_ZN9__gnu_cxx17__normal_iteratorIPKPN7testing8TestInfoESt6vectorIS3_SaIS3_EEEC2ERKS5_
FNDA:4,_ZN9__gnu_cxx17__normal_iteratorIPPN7testing8TestInfoESt6vectorIS3_SaIS3_EEEC2ERKS4_
FNDA:8,_ZN9__gnu_cxx17__normal_iteratorIPiSt6vectorIiSaIiEEEC2ERKS1_
FNDA:2,_ZN9__gnu_cxx17__normal_iteratorIPKPN7testing17TestEventListenerESt6vectorIS3_SaIS3_EEEC2ERKS5_
FNDA:2,_ZN9__gnu_cxx17__normal_iteratorIPPN7testing11EnvironmentESt6vectorIS3_SaIS3_EEEC2ERKS4_
FNDA:0,_ZN9__gnu_cxx17__normal_iteratorIPN7testing8internal9TraceInfoESt6vectorIS3_SaIS3_EEEC2ERKS4_
FNDA:4,_ZN9__gnu_cxx17__normal_iteratorIPKPN7testing11EnvironmentESt6vectorIS3_SaIS3_EEEC2ERKS5_
FNDA:2,_ZN9__gnu_cxx17__normal_iteratorIPSsSt6vectorISsSaISsEEEC2ERKS1_
FNDA:0,_ZN9__gnu_cxx17__normal_iteratorIPKN7testing8internal9TraceInfoESt6vectorIS3_SaIS3_EEEC2ERKS5_
FNDA:2,_ZN9__gnu_cxx17__normal_iteratorIPKPN7testing8TestCaseESt6vectorIS3_SaIS3_EEEC2IPS3_EERKNS0_IT_NS_11__enable_ifIXsrSt10__are_sameISC_SB_E7__valueES8_E6__typeEEE
FNDA:0,_ZNK9__gnu_cxx17__normal_iteratorIPPN7testing8internal29ParameterizedTestCaseInfoBaseESt6vectorIS4_SaIS4_EEEdeEv
FNDA:0,_ZNK9__gnu_cxx17__normal_iteratorIPKcSsEdeEv
FNDA:12,_ZNK9__gnu_cxx17__normal_iteratorIPKPN7testing8TestCaseESt6vectorIS3_SaIS3_EEEdeEv
FNDA:0,_ZNK9__gnu_cxx17__normal_iteratorIPPcSt6vectorIS1_SaIS1_EEEdeEv
FNDA:0,_ZNK9__gnu_cxx17__normal_iteratorIPKN7testing14TestPartResultESt6vectorIS2_SaIS2_EEEdeEv
FNDA:22,_ZNK9__gnu_cxx17__normal_iteratorIPKPN7testing8TestInfoESt6vectorIS3_SaIS3_EEEdeEv
FNDA:0,_ZNK9__gnu_cxx17__normal_iteratorIPN7testing14TestPartResultESt6vectorIS2_SaIS2_EEEdeEv
FNDA:0,_ZNK9__gnu_cxx17__normal_iteratorIPN7testing12TestPropertyESt6vectorIS2_SaIS2_EEEdeEv
FNDA:0,_ZNK9__gnu_cxx17__normal_iteratorIPKSsSt6vectorISsSaISsEEEdeEv
FNDA:0,_ZNK9__gnu_cxx17__normal_iteratorIPPN7testing8TestInfoESt6vectorIS3_SaIS3_EEEdeEv
FNDA:0,_ZNK9__gnu_cxx17__normal_iteratorIPiSt6vectorIiSaIiEEEdeEv
FNDA:1,_ZNK9__gnu_cxx17__normal_iteratorIPKPN7testing17TestEventListenerESt6vectorIS3_SaIS3_EEEdeEv
FNDA:0,_ZNK9__gnu_cxx17__normal_iteratorIPPN7testing17TestEventListenerESt6vectorIS3_SaIS3_EEEdeEv
FNDA:0,_ZNK9__gnu_cxx17__normal_iteratorIPPN7testing11EnvironmentESt6vectorIS3_SaIS3_EEEdeEv
FNDA:0,_ZNK9__gnu_cxx17__normal_iteratorIPN7testing8internal9TraceInfoESt6vectorIS3_SaIS3_EEEdeEv
FNDA:0,_ZNK9__gnu_cxx17__normal_iteratorIPKPN7testing11EnvironmentESt6vectorIS3_SaIS3_EEEdeEv
FNDA:1,_ZNK9__gnu_cxx17__normal_iteratorIPPN7testing8TestCaseESt6vectorIS3_SaIS3_EEEdeEv
FNDA:0,_ZNK9__gnu_cxx17__normal_iteratorIPSsSt6vectorISsSaISsEEEdeEv
FNDA:0,_ZNK9__gnu_cxx17__normal_iteratorIPKN7testing8internal9TraceInfoESt6vectorIS3_SaIS3_EEEdeEv
FNDA:0,_ZNK9__gnu_cxx17__normal_iteratorIPN7testing12TestPropertyESt6vectorIS2_SaIS2_EEEptEv
FNDA:0,_ZNK9__gnu_cxx17__normal_iteratorIPKSsSt6vectorISsSaISsEEEptEv
FNDA:0,_ZN9__gnu_cxx17__normal_iteratorIPPN7testing8internal29ParameterizedTestCaseInfoBaseESt6vectorIS4_SaIS4_EEEppEv
FNDA:0,_ZN9__gnu_cxx17__normal_iteratorIPKcSsEppEv
FNDA:0,_ZN9__gnu_cxx17__normal_iteratorIPPcSt6vectorIS1_SaIS1_EEEppEv
FNDA:12,_ZN9__gnu_cxx17__normal_iteratorIPKPN7testing8TestCaseESt6vectorIS3_SaIS3_EEEppEv
FNDA:0,_ZN9__gnu_cxx17__normal_iteratorIPKN7testing14TestPartResultESt6vectorIS2_SaIS2_EEEppEv
FNDA:22,_ZN9__gnu_cxx17__normal_iteratorIPKPN7testing8TestInfoESt6vectorIS3_SaIS3_EEEppEv
FNDA:0,_ZN9__gnu_cxx17__normal_iteratorIPKSsSt6vectorISsSaISsEEEppEv
FNDA:0,_ZN9__gnu_cxx17__normal_iteratorIPN7testing12TestPropertyESt6vectorIS2_SaIS2_EEEppEv
FNDA:1,_ZN9__gnu_cxx17__normal_iteratorIPKPN7testing17TestEventListenerESt6vectorIS3_SaIS3_EEEppEv
FNDA:0,_ZN9__gnu_cxx17__normal_iteratorIPKPN7testing11EnvironmentESt6vectorIS3_SaIS3_EEEppEv
FNDA:1,_ZN9__gnu_cxx17__normal_iteratorIPPN7testing8TestCaseESt6vectorIS3_SaIS3_EEEppEv
FNDA:0,_ZN9__gnu_cxx17__normal_iteratorIPKN7testing8internal9TraceInfoESt6vectorIS3_SaIS3_EEEppEv
FNDA:0,_ZN9__gnu_cxx17__normal_iteratorIPPN7testing11EnvironmentESt6vectorIS3_SaIS3_EEEmmEv
FNDA:0,_ZNK9__gnu_cxx17__normal_iteratorIPPN7testing17TestEventListenerESt6vectorIS3_SaIS3_EEEplERKi
FNDA:0,_ZNK9__gnu_cxx17__normal_iteratorIPPN7testing8TestCaseESt6vectorIS3_SaIS3_EEEplERKi
FNDA:0,_ZNK9__gnu_cxx17__normal_iteratorIPPcSt6vectorIS1_SaIS1_EEEmiERKi
FNDA:4,_ZNK9__gnu_cxx17__normal_iteratorIPPN7testing8internal29ParameterizedTestCaseInfoBaseESt6vectorIS4_SaIS4_EEE4baseEv
FNDA:0,_ZNK9__gnu_cxx17__normal_iteratorIPN7testing12TestPropertyESt6vectorIS2_SaIS2_EEE4baseEv
FNDA:0,_ZNK9__gnu_cxx17__normal_iteratorIPKSsSt6vectorISsSaISsEEE4baseEv
FNDA:0,_ZNK9__gnu_cxx17__normal_iteratorIPKcSsE4baseEv
FNDA:20,_ZNK9__gnu_cxx17__normal_iteratorIPPN7testing8TestCaseESt6vectorIS3_SaIS3_EEE4baseEv
FNDA:38,_ZNK9__gnu_cxx17__normal_iteratorIPKPN7testing8TestCaseESt6vectorIS3_SaIS3_EEE4baseEv
FNDA:0,_ZNK9__gnu_cxx17__normal_iteratorIPPcSt6vectorIS1_SaIS1_EEE4baseEv
FNDA:0,_ZNK9__gnu_cxx17__normal_iteratorIPN7testing14TestPartResultESt6vectorIS2_SaIS2_EEE4baseEv
FNDA:10,_ZNK9__gnu_cxx17__normal_iteratorIPKN7testing14TestPartResultESt6vectorIS2_SaIS2_EEE4baseEv
FNDA:88,_ZNK9__gnu_cxx17__normal_iteratorIPKPN7testing8TestInfoESt6vectorIS3_SaIS3_EEE4baseEv
FNDA:8,_ZNK9__gnu_cxx17__normal_iteratorIPPN7testing8TestInfoESt6vectorIS3_SaIS3_EEE4baseEv
FNDA:16,_ZNK9__gnu_cxx17__normal_iteratorIPiSt6vectorIiSaIiEEE4baseEv
FNDA:4,_ZNK9__gnu_cxx17__normal_iteratorIPPN7testing17TestEventListenerESt6vectorIS3_SaIS3_EEE4baseEv
FNDA:2,_ZNK9__gnu_cxx17__normal_iteratorIPPN7testing11EnvironmentESt6vectorIS3_SaIS3_EEE4baseEv
FNDA:0,_ZNK9__gnu_cxx17__normal_iteratorIPN7testing8internal9TraceInfoESt6vectorIS3_SaIS3_EEE4baseEv
FNDA:4,_ZNK9__gnu_cxx17__normal_iteratorIPSsSt6vectorISsSaISsEEE4baseEv
FNDA:4,_ZNK9__gnu_cxx17__normal_iteratorIPKPN7testing17TestEventListenerESt6vectorIS3_SaIS3_EEE4baseEv
FNDA:4,_ZNK9__gnu_cxx17__normal_iteratorIPKPN7testing11EnvironmentESt6vectorIS3_SaIS3_EEE4baseEv
FNDA:0,_ZNK9__gnu_cxx17__normal_iteratorIPKN7testing8internal9TraceInfoESt6vectorIS3_SaIS3_EEE4baseEv
FNDA:0,_ZN9__gnu_cxxeqIPN7testing12TestPropertyESt6vectorIS2_SaIS2_EEEEbRKNS_17__normal_iteratorIT_T0_EESC_
FNDA:0,_ZN9__gnu_cxxeqIPPN7testing8TestCaseESt6vectorIS3_SaIS3_EEEEbRKNS_17__normal_iteratorIT_T0_EESD_
FNDA:0,_ZN9__gnu_cxxeqIPPcSt6vectorIS1_SaIS1_EEEEbRKNS_17__normal_iteratorIT_T0_EESB_
FNDA:1,_ZN9__gnu_cxxeqIPPN7testing11EnvironmentESt6vectorIS3_SaIS3_EEEEbRKNS_17__normal_iteratorIT_T0_EESD_
FNDA:2,_ZN9__gnu_cxxneIPKPN7testing8TestCaseEPS3_St6vectorIS3_SaIS3_EEEEbRKNS_17__normal_iteratorIT_T1_EERKNSA_IT0_SC_EE
FNDA:2,_ZN9__gnu_cxxneIPPN7testing8internal29ParameterizedTestCaseInfoBaseESt6vectorIS4_SaIS4_EEEEbRKNS_17__normal_iteratorIT_T0_EESE_
FNDA:0,_ZN9__gnu_cxxneIPKSsSt6vectorISsSaISsEEEEbRKNS_17__normal_iteratorIT_T0_EESB_
FNDA:0,_ZN9__gnu_cxxneIPKcSsEEbRKNS_17__normal_iteratorIT_T0_EES8_
FNDA:18,_ZN9__gnu_cxxneIPKPN7testing8TestCaseESt6vectorIS3_SaIS3_EEEEbRKNS_17__normal_iteratorIT_T0_EESE_
FNDA:0,_ZN9__gnu_cxxneIPPcSt6vectorIS1_SaIS1_EEEEbRKNS_17__normal_iteratorIT_T0_EESB_
FNDA:5,_ZN9__gnu_cxxneIPKN7testing14TestPartResultESt6vectorIS2_SaIS2_EEEEbRKNS_17__normal_iteratorIT_T0_EESD_
FNDA:44,_ZN9__gnu_cxxneIPKPN7testing8TestInfoESt6vectorIS3_SaIS3_EEEEbRKNS_17__normal_iteratorIT_T0_EESE_
FNDA:0,_ZN9__gnu_cxxneIPPN7testing17TestEventListenerESt6vectorIS3_SaIS3_EEEEbRKNS_17__normal_iteratorIT_T0_EESD_
FNDA:2,_ZN9__gnu_cxxneIPKPN7testing17TestEventListenerESt6vectorIS3_SaIS3_EEEEbRKNS_17__normal_iteratorIT_T0_EESE_
FNDA:2,_ZN9__gnu_cxxneIPKPN7testing11EnvironmentESt6vectorIS3_SaIS3_EEEEbRKNS_17__normal_iteratorIT_T0_EESE_
FNDA:0,_ZN9__gnu_cxxneIPKN7testing8internal9TraceInfoESt6vectorIS3_SaIS3_EEEEbRKNS_17__normal_iteratorIT_T0_EESE_
FNDA:6,_ZN9__gnu_cxxmiIPPN7testing8TestCaseESt6vectorIS3_SaIS3_EEEENS_17__normal_iteratorIT_T0_E15difference_typeERKSB_SE_
FNDA:0,_ZN9__gnu_cxxmiIPPcSt6vectorIS1_SaIS1_EEEENS_17__normal_iteratorIT_T0_E15difference_typeERKS9_SC_
FNDA:0,_ZN9__gnu_cxxmiIPN7testing14TestPartResultESt6vectorIS2_SaIS2_EEEENS_17__normal_iteratorIT_T0_E15difference_typeERKSA_SD_
FNDA:0,_ZN9__gnu_cxxmiIPN7testing12TestPropertyESt6vectorIS2_SaIS2_EEEENS_17__normal_iteratorIT_T0_E15difference_typeERKSA_SD_
FNDA:0,_ZN9__gnu_cxxmiIPKSsSt6vectorISsSaISsEEEENS_17__normal_iteratorIT_T0_E15difference_typeERKS9_SC_
FNDA:2,_ZN9__gnu_cxxmiIPPN7testing8TestInfoESt6vectorIS3_SaIS3_EEEENS_17__normal_iteratorIT_T0_E15difference_typeERKSB_SE_
FNDA:4,_ZN9__gnu_cxxmiIPiSt6vectorIiSaIiEEEENS_17__normal_iteratorIT_T0_E15difference_typeERKS8_SB_
FNDA:1,_ZN9__gnu_cxxmiIPPN7testing17TestEventListenerESt6vectorIS3_SaIS3_EEEENS_17__normal_iteratorIT_T0_E15difference_typeERKSB_SE_
FNDA:0,_ZN9__gnu_cxxmiIPPN7testing11EnvironmentESt6vectorIS3_SaIS3_EEEENS_17__normal_iteratorIT_T0_E15difference_typeERKSB_SE_
FNDA:0,_ZN9__gnu_cxxmiIPN7testing8internal9TraceInfoESt6vectorIS3_SaIS3_EEEENS_17__normal_iteratorIT_T0_E15difference_typeERKSB_SE_
FNDA:1,_ZN9__gnu_cxxmiIPSsSt6vectorISsSaISsEEEENS_17__normal_iteratorIT_T0_E15difference_typeERKS8_SB_
FNF:109
FNH:50
DA:125,2
DA:145,2
DA:146,2
DA:154,0
DA:156,0
DA:157,0
DA:175,0
DA:177,0
DA:178,0
DA:283,1
DA:285,1
DA:295,1
DA:297,1
DA:715,130
DA:719,2
DA:723,2
DA:727,36
DA:728,36
DA:731,0
DA:732,0
DA:735,36
DA:737,36
DA:738,36
DA:747,0
DA:749,0
DA:750,0
DA:767,0
DA:768,0
DA:775,0
DA:776,0
DA:779,202
DA:780,202
DA:800,1
DA:802,1
DA:806,2
DA:808,2
DA:812,73
DA:814,73
DA:885,14
DA:887,14
LF:40
LH:25
end_of_record
SF:/usr/include/c++/4.5.1/bits/stl_iterator_base_funcs.h
FN:88,_ZSt10__distanceIPcENSt15iterator_traitsIT_E15difference_typeES2_S2_St26random_access_iterator_tag
FN:88,_ZSt10__distanceIPKcENSt15iterator_traitsIT_E15difference_typeES3_S3_St26random_access_iterator_tag
FN:88,_ZSt10__distanceIPKPKcENSt15iterator_traitsIT_E15difference_typeES5_S5_St26random_access_iterator_tag
FN:111,_ZSt8distanceIPKcENSt15iterator_traitsIT_E15difference_typeES3_S3_
FN:111,_ZSt8distanceIPKPKcENSt15iterator_traitsIT_E15difference_typeES5_S5_
FN:111,_ZSt8distanceIPcENSt15iterator_traitsIT_E15difference_typeES2_S2_
FNDA:18,_ZSt10__distanceIPKcENSt15iterator_traitsIT_E15difference_typeES3_S3_St26random_access_iterator_tag
FNDA:0,_ZSt10__distanceIPKPKcENSt15iterator_traitsIT_E15difference_typeES5_S5_St26random_access_iterator_tag
FNDA:0,_ZSt10__distanceIPcENSt15iterator_traitsIT_E15difference_typeES2_S2_St26random_access_iterator_tag
FNDA:18,_ZSt8distanceIPKcENSt15iterator_traitsIT_E15difference_typeES3_S3_
FNDA:0,_ZSt8distanceIPKPKcENSt15iterator_traitsIT_E15difference_typeES5_S5_
FNDA:0,_ZSt8distanceIPcENSt15iterator_traitsIT_E15difference_typeES2_S2_
FNF:6
FNH:2
DA:88,18
DA:94,18
DA:111,18
DA:115,18
LF:4
LH:4
end_of_record
SF:/usr/include/c++/4.5.1/bits/stl_iterator_base_types.h
FN:115,_ZNSt8iteratorISt26random_access_iterator_tagPN7testing11EnvironmentEiPS3_RS3_EC2Ev
FN:174,_ZSt19__iterator_categoryIPKPKcENSt15iterator_traitsIT_E17iterator_categoryERKS5_
FN:174,_ZSt19__iterator_categoryIN9__gnu_cxx17__normal_iteratorIPPN7testing8TestCaseESt6vectorIS4_SaIS4_EEEEENSt15iterator_traitsIT_E17iterator_categoryERKSB_
FN:174,_ZSt19__iterator_categoryIN9__gnu_cxx17__normal_iteratorIPN7testing12TestPropertyESt6vectorIS3_SaIS3_EEEEENSt15iterator_traitsIT_E17iterator_categoryERKSA_
FN:174,_ZSt19__iterator_categoryIPcENSt15iterator_traitsIT_E17iterator_categoryERKS2_
FN:174,_ZSt19__iterator_categoryIN9__gnu_cxx17__normal_iteratorIPKSsSt6vectorISsSaISsEEEEENSt15iterator_traitsIT_E17iterator_categoryERKS9_
FN:174,_ZSt19__iterator_categoryIPKcENSt15iterator_traitsIT_E17iterator_categoryERKS3_
FNDA:2,_ZNSt8iteratorISt26random_access_iterator_tagPN7testing11EnvironmentEiPS3_RS3_EC2Ev
FNDA:0,_ZSt19__iterator_categoryIN9__gnu_cxx17__normal_iteratorIPN7testing12TestPropertyESt6vectorIS3_SaIS3_EEEEENSt15iterator_traitsIT_E17iterator_categoryERKSA_
FNDA:0,_ZSt19__iterator_categoryIN9__gnu_cxx17__normal_iteratorIPKSsSt6vectorISsSaISsEEEEENSt15iterator_traitsIT_E17iterator_categoryERKS9_
FNDA:2,_ZSt19__iterator_categoryIN9__gnu_cxx17__normal_iteratorIPPN7testing8TestCaseESt6vectorIS4_SaIS4_EEEEENSt15iterator_traitsIT_E17iterator_categoryERKSB_
FNDA:18,_ZSt19__iterator_categoryIPKcENSt15iterator_traitsIT_E17iterator_categoryERKS3_
FNDA:0,_ZSt19__iterator_categoryIPKPKcENSt15iterator_traitsIT_E17iterator_categoryERKS5_
FNDA:0,_ZSt19__iterator_categoryIPcENSt15iterator_traitsIT_E17iterator_categoryERKS2_
FNF:7
FNH:3
DA:115,2
DA:174,20
DA:175,20
LF:3
LH:3
end_of_record
SF:/usr/include/c++/4.5.1/bits/stl_pair.h
FN:87,_ZNSt4pairISt17_Rb_tree_iteratorISsEbEC2ERKS1_RKb
FN:87,_ZNSt4pairISt23_Rb_tree_const_iteratorISsEbEC2ERKS1_RKb
FNDA:0,_ZNSt4pairISt23_Rb_tree_const_iteratorISsEbEC2ERKS1_RKb
FNDA:0,_ZNSt4pairISt17_Rb_tree_iteratorISsEbEC2ERKS1_RKb
FNF:2
FNH:0
DA:87,0
DA:88,0
LF:2
LH:0
end_of_record
SF:/usr/include/c++/4.5.1/bits/stl_set.h
FN:88,_ZNSt3setISsSt4lessISsESaISsEED2Ev
FN:136,_ZNSt3setISsSt4lessISsESaISsEEC2Ev
FN:292,_ZNKSt3setIPKcSt4lessIS1_ESaIS1_EE5beginEv
FN:301,_ZNKSt3setIPKcSt4lessIS1_ESaIS1_EE3endEv
FN:405,_ZNSt3setISsSt4lessISsESaISsEE6insertERKSs
FN:566,_ZNKSt3setISsSt4lessISsESaISsEE5countERKSs
FNDA:0,_ZNSt3setISsSt4lessISsESaISsEED2Ev
FNDA:0,_ZNSt3setISsSt4lessISsESaISsEEC2Ev
FNDA:0,_ZNKSt3setIPKcSt4lessIS1_ESaIS1_EE5beginEv
FNDA:0,_ZNKSt3setIPKcSt4lessIS1_ESaIS1_EE3endEv
FNDA:0,_ZNSt3setISsSt4lessISsESaISsEE6insertERKSs
FNDA:0,_ZNKSt3setISsSt4lessISsESaISsEE5countERKSs
FNF:6
FNH:0
DA:88,0
DA:136,0
DA:137,0
DA:292,0
DA:293,0
DA:301,0
DA:302,0
DA:405,0
DA:408,0
DA:409,0
DA:566,0
DA:567,0
LF:12
LH:0
end_of_record
SF:/usr/include/c++/4.5.1/bits/stl_tree.h
FN:170,_ZNSt17_Rb_tree_iteratorISsEC2EPSt13_Rb_tree_nodeISsE
FN:197,_ZNSt17_Rb_tree_iteratorISsEmmEv
FN:212,_ZNKSt17_Rb_tree_iteratorISsEeqERKS0_
FN:242,_ZNSt23_Rb_tree_const_iteratorISsEC2EPKSt13_Rb_tree_nodeISsE
FN:242,_ZNSt23_Rb_tree_const_iteratorIPKcEC2EPKSt13_Rb_tree_nodeIS1_E
FN:245,_ZNSt23_Rb_tree_const_iteratorISsEC2ERKSt17_Rb_tree_iteratorISsE
FN:249,_ZNKSt23_Rb_tree_const_iteratorIPKcEdeEv
FN:257,_ZNSt23_Rb_tree_const_iteratorIPKcEppEv
FN:287,_ZNKSt23_Rb_tree_const_iteratorISsEeqERKS0_
FN:291,_ZNKSt23_Rb_tree_const_iteratorIPKcEneERKS2_
FN:349,_ZNKSt8_Rb_treeISsSsSt9_IdentityISsESt4lessISsESaISsEE21_M_get_Node_allocatorEv
FN:353,_ZNKSt8_Rb_treeISsSsSt9_IdentityISsESt4lessISsESaISsEE13get_allocatorEv
FN:358,_ZNSt8_Rb_treeISsSsSt9_IdentityISsESt4lessISsESaISsEE11_M_get_nodeEv
FN:362,_ZNSt8_Rb_treeISsSsSt9_IdentityISsESt4lessISsESaISsEE11_M_put_nodeEPSt13_Rb_tree_nodeISsE
FN:367,_ZNSt8_Rb_treeISsSsSt9_IdentityISsESt4lessISsESaISsEE14_M_create_nodeERKSs
FN:381,_ZNSt8_Rb_treeISsSsSt9_IdentityISsESt4lessISsESaISsEE15_M_destroy_nodeEPSt13_Rb_tree_nodeISsE
FN:427,_ZNSt8_Rb_treeISsSsSt9_IdentityISsESt4lessISsESaISsEE13_Rb_tree_implIS3_Lb0EED2Ev
FN:432,_ZNSt8_Rb_treeISsSsSt9_IdentityISsESt4lessISsESaISsEE13_Rb_tree_implIS3_Lb0EEC2Ev
FN:444,_ZNSt8_Rb_treeISsSsSt9_IdentityISsESt4lessISsESaISsEE13_Rb_tree_implIS3_Lb0EE13_M_initializeEv
FN:481,_ZNSt8_Rb_treeISsSsSt9_IdentityISsESt4lessISsESaISsEE8_M_beginEv
FN:485,_ZNKSt8_Rb_treeISsSsSt9_IdentityISsESt4lessISsESaISsEE8_M_beginEv
FN:492,_ZNSt8_Rb_treeISsSsSt9_IdentityISsESt4lessISsESaISsEE6_M_endEv
FN:496,_ZNKSt8_Rb_treeISsSsSt9_IdentityISsESt4lessISsESaISsEE6_M_endEv
FN:500,_ZNSt8_Rb_treeISsSsSt9_IdentityISsESt4lessISsESaISsEE8_S_valueEPKSt13_Rb_tree_nodeISsE
FN:504,_ZNSt8_Rb_treeISsSsSt9_IdentityISsESt4lessISsESaISsEE6_S_keyEPKSt13_Rb_tree_nodeISsE
FN:508,_ZNSt8_Rb_treeISsSsSt9_IdentityISsESt4lessISsESaISsEE7_S_leftEPSt18_Rb_tree_node_base
FN:512,_ZNSt8_Rb_treeISsSsSt9_IdentityISsESt4lessISsESaISsEE7_S_leftEPKSt18_Rb_tree_node_base
FN:516,_ZNSt8_Rb_treeISsSsSt9_IdentityISsESt4lessISsESaISsEE8_S_rightEPSt18_Rb_tree_node_base
FN:520,_ZNSt8_Rb_treeISsSsSt9_IdentityISsESt4lessISsESaISsEE8_S_rightEPKSt18_Rb_tree_node_base
FN:524,_ZNSt8_Rb_treeISsSsSt9_IdentityISsESt4lessISsESaISsEE8_S_valueEPKSt18_Rb_tree_node_base
FN:528,_ZNSt8_Rb_treeISsSsSt9_IdentityISsESt4lessISsESaISsEE6_S_keyEPKSt18_Rb_tree_node_base
FN:591,_ZNSt8_Rb_treeISsSsSt9_IdentityISsESt4lessISsESaISsEEC2Ev
FN:613,_ZNSt8_Rb_treeISsSsSt9_IdentityISsESt4lessISsESaISsEED2Ev
FN:625,_ZNSt8_Rb_treeISsSsSt9_IdentityISsESt4lessISsESaISsEE5beginEv
FN:632,_ZNKSt8_Rb_treeIPKcS1_St9_IdentityIS1_ESt4lessIS1_ESaIS1_EE5beginEv
FN:643,_ZNKSt8_Rb_treeIPKcS1_St9_IdentityIS1_ESt4lessIS1_ESaIS1_EE3endEv
FN:643,_ZNKSt8_Rb_treeISsSsSt9_IdentityISsESt4lessISsESaISsEE3endEv
FN:892,_ZNSt8_Rb_treeISsSsSt9_IdentityISsESt4lessISsESaISsEE10_M_insert_EPKSt18_Rb_tree_node_baseS8_RKSs
FN:982,_ZNSt8_Rb_treeISsSsSt9_IdentityISsESt4lessISsESaISsEE8_M_eraseEPSt13_Rb_tree_nodeISsE
FN:1015,_ZNKSt8_Rb_treeISsSsSt9_IdentityISsESt4lessISsESaISsEE14_M_lower_boundEPKSt13_Rb_tree_nodeISsES9_RKSs
FN:1175,_ZNSt8_Rb_treeISsSsSt9_IdentityISsESt4lessISsESaISsEE16_M_insert_uniqueERKSs
FN:1529,_ZNKSt8_Rb_treeISsSsSt9_IdentityISsESt4lessISsESaISsEE4findERKSs
FNDA:0,_ZNSt17_Rb_tree_iteratorISsEC2EPSt13_Rb_tree_nodeISsE
FNDA:0,_ZNSt17_Rb_tree_iteratorISsEmmEv
FNDA:0,_ZNKSt17_Rb_tree_iteratorISsEeqERKS0_
FNDA:0,_ZNSt23_Rb_tree_const_iteratorISsEC2EPKSt13_Rb_tree_nodeISsE
FNDA:0,_ZNSt23_Rb_tree_const_iteratorIPKcEC2EPKSt13_Rb_tree_nodeIS1_E
FNDA:0,_ZNSt23_Rb_tree_const_iteratorISsEC2ERKSt17_Rb_tree_iteratorISsE
FNDA:0,_ZNKSt23_Rb_tree_const_iteratorIPKcEdeEv
FNDA:0,_ZNSt23_Rb_tree_const_iteratorIPKcEppEv
FNDA:0,_ZNKSt23_Rb_tree_const_iteratorISsEeqERKS0_
FNDA:0,_ZNKSt23_Rb_tree_const_iteratorIPKcEneERKS2_
FNDA:0,_ZNKSt8_Rb_treeISsSsSt9_IdentityISsESt4lessISsESaISsEE21_M_get_Node_allocatorEv
FNDA:0,_ZNKSt8_Rb_treeISsSsSt9_IdentityISsESt4lessISsESaISsEE13get_allocatorEv
FNDA:0,_ZNSt8_Rb_treeISsSsSt9_IdentityISsESt4lessISsESaISsEE11_M_get_nodeEv
FNDA:0,_ZNSt8_Rb_treeISsSsSt9_IdentityISsESt4lessISsESaISsEE11_M_put_nodeEPSt13_Rb_tree_nodeISsE
FNDA:0,_ZNSt8_Rb_treeISsSsSt9_IdentityISsESt4lessISsESaISsEE14_M_create_nodeERKSs
FNDA:0,_ZNSt8_Rb_treeISsSsSt9_IdentityISsESt4lessISsESaISsEE15_M_destroy_nodeEPSt13_Rb_tree_nodeISsE
FNDA:0,_ZNSt8_Rb_treeISsSsSt9_IdentityISsESt4lessISsESaISsEE13_Rb_tree_implIS3_Lb0EED2Ev
FNDA:0,_ZNSt8_Rb_treeISsSsSt9_IdentityISsESt4lessISsESaISsEE13_Rb_tree_implIS3_Lb0EEC2Ev
FNDA:0,_ZNSt8_Rb_treeISsSsSt9_IdentityISsESt4lessISsESaISsEE13_Rb_tree_implIS3_Lb0EE13_M_initializeEv
FNDA:0,_ZNSt8_Rb_treeISsSsSt9_IdentityISsESt4lessISsESaISsEE8_M_beginEv
FNDA:0,_ZNKSt8_Rb_treeISsSsSt9_IdentityISsESt4lessISsESaISsEE8_M_beginEv
FNDA:0,_ZNSt8_Rb_treeISsSsSt9_IdentityISsESt4lessISsESaISsEE6_M_endEv
FNDA:0,_ZNKSt8_Rb_treeISsSsSt9_IdentityISsESt4lessISsESaISsEE6_M_endEv
FNDA:0,_ZNSt8_Rb_treeISsSsSt9_IdentityISsESt4lessISsESaISsEE8_S_valueEPKSt13_Rb_tree_nodeISsE
FNDA:0,_ZNSt8_Rb_treeISsSsSt9_IdentityISsESt4lessISsESaISsEE6_S_keyEPKSt13_Rb_tree_nodeISsE
FNDA:0,_ZNSt8_Rb_treeISsSsSt9_IdentityISsESt4lessISsESaISsEE7_S_leftEPSt18_Rb_tree_node_base
FNDA:0,_ZNSt8_Rb_treeISsSsSt9_IdentityISsESt4lessISsESaISsEE7_S_leftEPKSt18_Rb_tree_node_base
FNDA:0,_ZNSt8_Rb_treeISsSsSt9_IdentityISsESt4lessISsESaISsEE8_S_rightEPSt18_Rb_tree_node_base
FNDA:0,_ZNSt8_Rb_treeISsSsSt9_IdentityISsESt4lessISsESaISsEE8_S_rightEPKSt18_Rb_tree_node_base
FNDA:0,_ZNSt8_Rb_treeISsSsSt9_IdentityISsESt4lessISsESaISsEE8_S_valueEPKSt18_Rb_tree_node_base
FNDA:0,_ZNSt8_Rb_treeISsSsSt9_IdentityISsESt4lessISsESaISsEE6_S_keyEPKSt18_Rb_tree_node_base
FNDA:0,_ZNSt8_Rb_treeISsSsSt9_IdentityISsESt4lessISsESaISsEEC2Ev
FNDA:0,_ZNSt8_Rb_treeISsSsSt9_IdentityISsESt4lessISsESaISsEED2Ev
FNDA:0,_ZNSt8_Rb_treeISsSsSt9_IdentityISsESt4lessISsESaISsEE5beginEv
FNDA:0,_ZNKSt8_Rb_treeIPKcS1_St9_IdentityIS1_ESt4lessIS1_ESaIS1_EE5beginEv
FNDA:0,_ZNKSt8_Rb_treeISsSsSt9_IdentityISsESt4lessISsESaISsEE3endEv
FNDA:0,_ZNKSt8_Rb_treeIPKcS1_St9_IdentityIS1_ESt4lessIS1_ESaIS1_EE3endEv
FNDA:0,_ZNSt8_Rb_treeISsSsSt9_IdentityISsESt4lessISsESaISsEE10_M_insert_EPKSt18_Rb_tree_node_baseS8_RKSs
FNDA:0,_ZNSt8_Rb_treeISsSsSt9_IdentityISsESt4lessISsESaISsEE8_M_eraseEPSt13_Rb_tree_nodeISsE
FNDA:0,_ZNKSt8_Rb_treeISsSsSt9_IdentityISsESt4lessISsESaISsEE14_M_lower_boundEPKSt13_Rb_tree_nodeISsES9_RKSs
FNDA:0,_ZNSt8_Rb_treeISsSsSt9_IdentityISsESt4lessISsESaISsEE16_M_insert_uniqueERKSs
FNDA:0,_ZNKSt8_Rb_treeISsSsSt9_IdentityISsESt4lessISsESaISsEE4findERKSs
FNF:42
FNH:0
DA:170,0
DA:171,0
DA:197,0
DA:199,0
DA:200,0
DA:212,0
DA:213,0
DA:242,0
DA:243,0
DA:245,0
DA:246,0
DA:249,0
DA:250,0
DA:257,0
DA:259,0
DA:260,0
DA:287,0
DA:288,0
DA:291,0
DA:292,0
DA:349,0
DA:350,0
DA:353,0
DA:354,0
DA:358,0
DA:359,0
DA:362,0
DA:363,0
DA:367,0
DA:369,0
DA:371,0
DA:372,0
DA:374,0
DA:375,0
DA:377,0
DA:381,0
DA:383,0
DA:384,0
DA:385,0
DA:427,0
DA:432,0
DA:434,0
DA:435,0
DA:444,0
DA:446,0
DA:447,0
DA:448,0
DA:449,0
DA:450,0
DA:481,0
DA:482,0
DA:485,0
DA:488,0
DA:492,0
DA:493,0
DA:496,0
DA:497,0
DA:500,0
DA:501,0
DA:504,0
DA:505,0
DA:508,0
DA:509,0
DA:512,0
DA:513,0
DA:516,0
DA:517,0
DA:520,0
DA:521,0
DA:524,0
DA:525,0
DA:528,0
DA:529,0
DA:591,0
DA:613,0
DA:614,0
DA:625,0
DA:628,0
DA:632,0
DA:635,0
DA:643,0
DA:646,0
DA:892,0
DA:897,0
DA:899,0
DA:901,0
DA:904,0
DA:905,0
DA:982,0
DA:986,0
DA:988,0
DA:989,0
DA:990,0
DA:991,0
DA:993,0
DA:1015,0
DA:1019,0
DA:1020,0
DA:1021,0
DA:1023,0
DA:1024,0
DA:1175,0
DA:1178,0
DA:1179,0
DA:1180,0
DA:1181,0
DA:1183,0
DA:1184,0
DA:1185,0
DA:1187,0
DA:1188,0
DA:1190,0
DA:1191,0
DA:1193,0
DA:1195,0
DA:1196,0
DA:1197,0
DA:1529,0
DA:1532,0
DA:1535,0
LF:120
LH:0
end_of_record
SF:/usr/include/c++/4.5.1/bits/stl_uninitialized.h
FN:67,_ZNSt20__uninitialized_copyILb0EE18uninitialized_copyIPKPKcPSsEET0_T_S8_S7_
FN:67,_ZNSt20__uninitialized_copyILb0EE18uninitialized_copyIPN7testing8internal9TraceInfoES5_EET0_T_S7_S6_
FN:67,_ZNSt20__uninitialized_copyILb0EE18uninitialized_copyIPN7testing12TestPropertyES4_EET0_T_S6_S5_
FN:67,_ZNSt20__uninitialized_copyILb0EE18uninitialized_copyIN9__gnu_cxx17__normal_iteratorIPKSsSt6vectorISsSaISsEEEEPSsEET0_T_SC_SB_
FN:67,_ZNSt20__uninitialized_copyILb0EE18uninitialized_copyIPN7testing14TestPartResultES4_EET0_T_S6_S5_
FN:67,_ZNSt20__uninitialized_copyILb0EE18uninitialized_copyIPSsS2_EET0_T_S4_S3_
FN:67,_ZNSt20__uninitialized_copyILb0EE18uninitialized_copyIN9__gnu_cxx17__normal_iteratorIPKN7testing8internal9TraceInfoESt6vectorIS6_SaIS6_EEEEPS6_EET0_T_SF_SE_
FN:90,_ZNSt20__uninitialized_copyILb1EE18uninitialized_copyIPPN7testing8TestInfoES5_EET0_T_S7_S6_
FN:90,_ZNSt20__uninitialized_copyILb1EE18uninitialized_copyIPPN7testing11EnvironmentES5_EET0_T_S7_S6_
FN:90,_ZNSt20__uninitialized_copyILb1EE18uninitialized_copyIPPN7testing8TestCaseES5_EET0_T_S7_S6_
FN:90,_ZNSt20__uninitialized_copyILb1EE18uninitialized_copyIPPcS3_EET0_T_S5_S4_
FN:90,_ZNSt20__uninitialized_copyILb1EE18uninitialized_copyIPPN7testing17TestEventListenerES5_EET0_T_S7_S6_
FN:90,_ZNSt20__uninitialized_copyILb1EE18uninitialized_copyIPiS2_EET0_T_S4_S3_
FN:106,_ZSt18uninitialized_copyIPN7testing14TestPartResultES2_ET0_T_S4_S3_
FN:106,_ZSt18uninitialized_copyIPPN7testing8TestInfoES3_ET0_T_S5_S4_
FN:106,_ZSt18uninitialized_copyIPPcS1_ET0_T_S3_S2_
FN:106,_ZSt18uninitialized_copyIN9__gnu_cxx17__normal_iteratorIPKN7testing8internal9TraceInfoESt6vectorIS4_SaIS4_EEEEPS4_ET0_T_SD_SC_
FN:106,_ZSt18uninitialized_copyIPN7testing8internal9TraceInfoES3_ET0_T_S5_S4_
FN:106,_ZSt18uninitialized_copyIPSsS0_ET0_T_S2_S1_
FN:106,_ZSt18uninitialized_copyIPPN7testing11EnvironmentES3_ET0_T_S5_S4_
FN:106,_ZSt18uninitialized_copyIPPN7testing17TestEventListenerES3_ET0_T_S5_S4_
FN:106,_ZSt18uninitialized_copyIN9__gnu_cxx17__normal_iteratorIPKSsSt6vectorISsSaISsEEEEPSsET0_T_SA_S9_
FN:106,_ZSt18uninitialized_copyIPiS0_ET0_T_S2_S1_
FN:106,_ZSt18uninitialized_copyIPPN7testing8TestCaseES3_ET0_T_S5_S4_
FN:106,_ZSt18uninitialized_copyIPN7testing12TestPropertyES2_ET0_T_S4_S3_
FN:106,_ZSt18uninitialized_copyIPKPKcPSsET0_T_S6_S5_
FN:316,_ZSt22__uninitialized_copy_aIPPN7testing11EnvironmentES3_S2_ET0_T_S5_S4_RSaIT1_E
FN:316,_ZSt22__uninitialized_copy_aIPKPKcPSsSsET0_T_S6_S5_RSaIT1_E
FN:316,_ZSt22__uninitialized_copy_aIPPN7testing8TestCaseES3_S2_ET0_T_S5_S4_RSaIT1_E
FN:316,_ZSt22__uninitialized_copy_aIPPN7testing8TestInfoES3_S2_ET0_T_S5_S4_RSaIT1_E
FN:316,_ZSt22__uninitialized_copy_aIPSsS0_SsET0_T_S2_S1_RSaIT1_E
FN:316,_ZSt22__uninitialized_copy_aIPN7testing14TestPartResultES2_S1_ET0_T_S4_S3_RSaIT1_E
FN:316,_ZSt22__uninitialized_copy_aIPN7testing12TestPropertyES2_S1_ET0_T_S4_S3_RSaIT1_E
FN:316,_ZSt22__uninitialized_copy_aIN9__gnu_cxx17__normal_iteratorIPKN7testing8internal9TraceInfoESt6vectorIS4_SaIS4_EEEEPS4_S4_ET0_T_SD_SC_RSaIT1_E
FN:316,_ZSt22__uninitialized_copy_aIPN7testing8internal9TraceInfoES3_S2_ET0_T_S5_S4_RSaIT1_E
FN:316,_ZSt22__uninitialized_copy_aIPiS0_iET0_T_S2_S1_RSaIT1_E
FN:316,_ZSt22__uninitialized_copy_aIPPcS1_S0_ET0_T_S3_S2_RSaIT1_E
FN:316,_ZSt22__uninitialized_copy_aIPPN7testing17TestEventListenerES3_S2_ET0_T_S5_S4_RSaIT1_E
FN:316,_ZSt22__uninitialized_copy_aIN9__gnu_cxx17__normal_iteratorIPKSsSt6vectorISsSaISsEEEEPSsSsET0_T_SA_S9_RSaIT1_E
FN:323,_ZSt22__uninitialized_move_aIPPcS1_SaIS0_EET0_T_S4_S3_RT1_
FN:323,_ZSt22__uninitialized_move_aIPPN7testing17TestEventListenerES3_SaIS2_EET0_T_S6_S5_RT1_
FN:323,_ZSt22__uninitialized_move_aIPN7testing8internal9TraceInfoES3_SaIS2_EET0_T_S6_S5_RT1_
FN:323,_ZSt22__uninitialized_move_aIPiS0_SaIiEET0_T_S3_S2_RT1_
FN:323,_ZSt22__uninitialized_move_aIPPN7testing8TestCaseES3_SaIS2_EET0_T_S6_S5_RT1_
FN:323,_ZSt22__uninitialized_move_aIPPN7testing11EnvironmentES3_SaIS2_EET0_T_S6_S5_RT1_
FN:323,_ZSt22__uninitialized_move_aIPPN7testing8TestInfoES3_SaIS2_EET0_T_S6_S5_RT1_
FN:323,_ZSt22__uninitialized_move_aIPN7testing14TestPartResultES2_SaIS1_EET0_T_S5_S4_RT1_
FN:323,_ZSt22__uninitialized_move_aIPN7testing12TestPropertyES2_SaIS1_EET0_T_S5_S4_RT1_
FN:323,_ZSt22__uninitialized_move_aIPSsS0_SaISsEET0_T_S3_S2_RT1_
FNDA:0,_ZNSt20__uninitialized_copyILb0EE18uninitialized_copyIN9__gnu_cxx17__normal_iteratorIPKSsSt6vectorISsSaISsEEEEPSsEET0_T_SC_SB_
FNDA:2,_ZNSt20__uninitialized_copyILb0EE18uninitialized_copyIPSsS2_EET0_T_S4_S3_
FNDA:0,_ZNSt20__uninitialized_copyILb0EE18uninitialized_copyIPN7testing14TestPartResultES4_EET0_T_S6_S5_
FNDA:0,_ZNSt20__uninitialized_copyILb0EE18uninitialized_copyIPN7testing12TestPropertyES4_EET0_T_S6_S5_
FNDA:0,_ZNSt20__uninitialized_copyILb0EE18uninitialized_copyIPN7testing8internal9TraceInfoES5_EET0_T_S7_S6_
FNDA:0,_ZNSt20__uninitialized_copyILb0EE18uninitialized_copyIPKPKcPSsEET0_T_S8_S7_
FNDA:0,_ZNSt20__uninitialized_copyILb0EE18uninitialized_copyIN9__gnu_cxx17__normal_iteratorIPKN7testing8internal9TraceInfoESt6vectorIS6_SaIS6_EEEEPS6_EET0_T_SF_SE_
FNDA:2,_ZNSt20__uninitialized_copyILb1EE18uninitialized_copyIPPN7testing17TestEventListenerES5_EET0_T_S7_S6_
FNDA:4,_ZNSt20__uninitialized_copyILb1EE18uninitialized_copyIPPN7testing8TestInfoES5_EET0_T_S7_S6_
FNDA:8,_ZNSt20__uninitialized_copyILb1EE18uninitialized_copyIPiS2_EET0_T_S4_S3_
FNDA:0,_ZNSt20__uninitialized_copyILb1EE18uninitialized_copyIPPN7testing11EnvironmentES5_EET0_T_S7_S6_
FNDA:4,_ZNSt20__uninitialized_copyILb1EE18uninitialized_copyIPPN7testing8TestCaseES5_EET0_T_S7_S6_
FNDA:0,_ZNSt20__uninitialized_copyILb1EE18uninitialized_copyIPPcS3_EET0_T_S5_S4_
FNDA:0,_ZSt18uninitialized_copyIN9__gnu_cxx17__normal_iteratorIPKSsSt6vectorISsSaISsEEEEPSsET0_T_SA_S9_
FNDA:2,_ZSt18uninitialized_copyIPSsS0_ET0_T_S2_S1_
FNDA:0,_ZSt18uninitialized_copyIPN7testing14TestPartResultES2_ET0_T_S4_S3_
FNDA:0,_ZSt18uninitialized_copyIPN7testing12TestPropertyES2_ET0_T_S4_S3_
FNDA:0,_ZSt18uninitialized_copyIPN7testing8internal9TraceInfoES3_ET0_T_S5_S4_
FNDA:0,_ZSt18uninitialized_copyIPKPKcPSsET0_T_S6_S5_
FNDA:2,_ZSt18uninitialized_copyIPPN7testing17TestEventListenerES3_ET0_T_S5_S4_
FNDA:0,_ZSt18uninitialized_copyIN9__gnu_cxx17__normal_iteratorIPKN7testing8internal9TraceInfoESt6vectorIS4_SaIS4_EEEEPS4_ET0_T_SD_SC_
FNDA:4,_ZSt18uninitialized_copyIPPN7testing8TestInfoES3_ET0_T_S5_S4_
FNDA:8,_ZSt18uninitialized_copyIPiS0_ET0_T_S2_S1_
FNDA:0,_ZSt18uninitialized_copyIPPN7testing11EnvironmentES3_ET0_T_S5_S4_
FNDA:4,_ZSt18uninitialized_copyIPPN7testing8TestCaseES3_ET0_T_S5_S4_
FNDA:0,_ZSt18uninitialized_copyIPPcS1_ET0_T_S3_S2_
FNDA:0,_ZSt22__uninitialized_copy_aIN9__gnu_cxx17__normal_iteratorIPKSsSt6vectorISsSaISsEEEEPSsSsET0_T_SA_S9_RSaIT1_E
FNDA:2,_ZSt22__uninitialized_copy_aIPSsS0_SsET0_T_S2_S1_RSaIT1_E
FNDA:0,_ZSt22__uninitialized_copy_aIPN7testing14TestPartResultES2_S1_ET0_T_S4_S3_RSaIT1_E
FNDA:0,_ZSt22__uninitialized_copy_aIPN7testing12TestPropertyES2_S1_ET0_T_S4_S3_RSaIT1_E
[...]
DA:3494,0
DA:3497,0
DA:3499,0
DA:3500,0
DA:3512,0
DA:3515,0
DA:3518,14
DA:3520,14
DA:3530,1
DA:3531,1
DA:3533,1
DA:3537,0
DA:3538,0
DA:3539,0
DA:3541,1
DA:3543,1
DA:3544,1
DA:3545,0
DA:3547,1
DA:3559,1
DA:3560,0
DA:3562,1
DA:3563,1
DA:3565,1
DA:3571,1
DA:3572,1
DA:3573,1
DA:3578,1
DA:3579,1
DA:3580,1
DA:3581,0
DA:3582,0
DA:3583,1
DA:3588,5
DA:3595,1
DA:3596,1
DA:3599,1
DA:3600,1
DA:3601,1
DA:3602,1
DA:3604,1
DA:3611,0
DA:3612,0
DA:3615,0
DA:3616,0
DA:3617,0
DA:3618,0
DA:3620,0
DA:3624,0
DA:3625,0
DA:3628,0
DA:3629,0
DA:3630,0
DA:3641,36
DA:3657,36
DA:3658,36
DA:3663,0
DA:3664,0
DA:3668,0
DA:3669,0
DA:3673,0
DA:3674,0
DA:3679,2
DA:3680,2
DA:3684,1
DA:3685,1
DA:3689,1
DA:3692,1
DA:3693,1
DA:3697,0
DA:3698,0
DA:3702,0
DA:3703,0
DA:3707,0
DA:3710,2
DA:3714,0
DA:3715,0
DA:3719,1
DA:3720,1
DA:3724,1
DA:3728,0
DA:3732,0
DA:3733,0
DA:3738,0
DA:3739,0
DA:3744,0
DA:3745,0
DA:3750,4
DA:3751,4
DA:3764,0
DA:3765,0
DA:3766,0
DA:3769,0
DA:3770,0
DA:3777,0
DA:3783,0
DA:3784,0
DA:3786,0
DA:3787,0
DA:3788,0
DA:3790,0
DA:3792,0
DA:3793,0
DA:3794,0
DA:3798,0
DA:3799,0
DA:3804,0
DA:3805,0
DA:3806,0
DA:3808,0
DA:3814,0
DA:3825,0
DA:3827,0
DA:3829,0
DA:3837,0
DA:3844,0
DA:3846,0
DA:3847,0
DA:3854,1
DA:3856,1
DA:3881,2
DA:3885,1
DA:3929,1
DA:3934,0
DA:3935,0
DA:3940,0
DA:3942,0
DA:3943,0
DA:3948,0
DA:3950,0
DA:3951,0
DA:3955,0
DA:3961,0
DA:3963,0
DA:3968,1
DA:3969,1
DA:3970,1
DA:3973,2
DA:3974,1
DA:3975,1
DA:3979,0
DA:3981,0
DA:3982,0
DA:3983,0
DA:3986,0
DA:3988,0
DA:3989,0
DA:3990,0
DA:3994,1
DA:4026,1
DA:4029,2
DA:4030,1
DA:4031,1
DA:4033,3
DA:4035,1
DA:4038,1
DA:4040,1
DA:4041,2
DA:4048,0
DA:4049,0
DA:4052,0
DA:4053,0
DA:4054,0
DA:4055,0
DA:4056,0
DA:4057,0
DA:4059,0
DA:4060,0
DA:4062,0
DA:4063,0
DA:4068,1
DA:4069,1
DA:4070,0
DA:4071,1
DA:4076,1
DA:4077,2
DA:4078,1
DA:4080,0
DA:4081,1
DA:4083,0
DA:4084,0
DA:4086,1
DA:4091,1
DA:4092,1
DA:4093,1
DA:4094,0
DA:4095,0
DA:4096,0
DA:4097,0
DA:4100,0
DA:4101,0
DA:4104,1
DA:4112,2
DA:4114,2
DA:4115,1
DA:4118,1
DA:4119,1
DA:4125,1
DA:4129,1
DA:4133,1
DA:4136,2
DA:4146,6
DA:4149,2
DA:4150,2
DA:4153,1
DA:4154,1
DA:4173,2
DA:4179,4
DA:4180,6
DA:4182,2
DA:4183,0
DA:4187,2
DA:4190,4
DA:4191,4
DA:4196,0
DA:4197,0
DA:4198,0
DA:4201,2
DA:4204,2
DA:4205,2
DA:4210,0
DA:4211,0
DA:4222,1
DA:4224,1
DA:4227,0
DA:4228,0
DA:4232,1
DA:4233,0
DA:4237,1
DA:4242,1
DA:4246,1
DA:4249,1
DA:4253,1
DA:4259,1
DA:4262,1
DA:4264,0
DA:4265,0
DA:4269,1
DA:4272,1
DA:4274,1
DA:4276,1
DA:4277,1
DA:4281,1
DA:4283,1
DA:4284,2
DA:4287,1
DA:4289,1
DA:4292,1
DA:4293,0
DA:4297,0
DA:4301,1
DA:4304,1
DA:4306,1
DA:4307,1
DA:4308,1
DA:4312,1
DA:4313,3
DA:4315,2
DA:4320,1
DA:4322,1
DA:4323,1
DA:4326,1
DA:4329,1
DA:4332,1
DA:4333,0
DA:4342,1
DA:4344,1
DA:4346,0
DA:4350,1
DA:4352,1
DA:4359,1
DA:4360,1
DA:4361,1
DA:4362,0
DA:4363,0
DA:4367,0
DA:4368,0
DA:4369,0
DA:4371,0
DA:4373,1
DA:4381,2
DA:4384,2
DA:4385,0
DA:4388,2
DA:4389,2
DA:4391,2
DA:4392,2
DA:4393,0
DA:4394,0
DA:4395,0
DA:4396,0
DA:4397,0
DA:4398,0
DA:4399,0
DA:4400,0
DA:4401,0
DA:4402,0
DA:4403,0
DA:4404,0
DA:4405,0
DA:4406,0
DA:4407,0
DA:4408,0
DA:4409,0
DA:4410,0
DA:4411,0
DA:4412,0
DA:4413,0
DA:4414,0
DA:4415,0
DA:4416,0
DA:4417,0
DA:4420,0
DA:4426,4
DA:4427,4
DA:4428,4
DA:4429,4
DA:4433,0
DA:4434,0
DA:4435,0
DA:4437,0
DA:4444,0
DA:4445,0
DA:4455,1
DA:4457,1
DA:4459,1
DA:4465,1
DA:4466,1
DA:4467,3
DA:4468,2
DA:4469,4
DA:4470,2
DA:4472,4
DA:4473,2
DA:4474,4
DA:4479,2
DA:4481,2
DA:4482,2
DA:4486,2
DA:4487,2
DA:4490,2
DA:4491,4
DA:4496,2
DA:4498,2
DA:4499,2
DA:4501,2
DA:4502,2
DA:4505,1
DA:4512,0
DA:4513,0
DA:4514,0
DA:4515,0
DA:4516,0
DA:4517,0
DA:4519,0
DA:4520,0
DA:4521,0
DA:4523,0
DA:4524,0
DA:4528,0
DA:4531,0
DA:4533,0
DA:4535,0
DA:4536,0
DA:4537,0
DA:4539,0
DA:4541,0
DA:4542,0
DA:4543,0
DA:4544,0
DA:4545,0
DA:4546,0
DA:4547,0
DA:4550,0
DA:4552,0
DA:4554,0
DA:4555,0
DA:4556,0
DA:4559,0
DA:4561,0
DA:4565,0
DA:4566,0
DA:4573,0
DA:4575,0
DA:4576,0
DA:4577,0
DA:4579,0
DA:4584,14
DA:4585,14
DA:4586,1
DA:4589,14
DA:4594,5
DA:4596,5
DA:4601,0
DA:4603,0
DA:4607,0
DA:4610,0
DA:4611,0
DA:4613,0
DA:4616,1
DA:4617,3
DA:4619,2
DA:4621,2
DA:4623,1
DA:4635,0
DA:4639,0
DA:4648,48
DA:4650,0
DA:4654,0
DA:4655,0
DA:4657,0
DA:4663,0
DA:4664,0
DA:4665,0
DA:4666,0
DA:4667,0
DA:4669,0
DA:4677,0
DA:4681,0
DA:4684,0
DA:4685,0
DA:4686,0
DA:4689,0
DA:4692,0
DA:4693,0
DA:4699,0
DA:4702,0
DA:4715,0
DA:4717,0
DA:4720,0
DA:4723,0
DA:4724,0
DA:4732,0
DA:4734,0
DA:4737,0
DA:4740,0
DA:4741,0
DA:4749,0
DA:4751,0
DA:4754,0
DA:4757,0
DA:4758,0
DA:4767,0
DA:4768,0
DA:4769,0
DA:4770,0
DA:4771,0
DA:4772,0
DA:4773,0
DA:4787,0
DA:4788,0
DA:4794,0
DA:4795,0
DA:4796,0
DA:4797,0
DA:4798,0
DA:4801,0
DA:4803,0
DA:4804,0
DA:4805,0
DA:4806,0
DA:4807,0
DA:4808,0
DA:4809,0
DA:4810,0
DA:4811,0
DA:4812,0
DA:4813,0
DA:4814,0
DA:4816,0
DA:4889,1
DA:4890,1
DA:4891,0
DA:4892,0
DA:4899,0
DA:4930,0
DA:4931,0
DA:4935,0
DA:4939,0
DA:4940,0
DA:4945,0
DA:4949,1
DA:4953,0
DA:4955,1
DA:4959,1
DA:4960,1
DA:4961,1
DA:4962,0
DA:4963,0
DA:4964,0
DA:4971,1
DA:4972,1
DA:4975,1
DA:4977,1
DA:4979,1
DA:4983,1
DA:4984,2
DA:4985,1
DA:4990,1
DA:4991,1
DA:5005,1
DA:5006,1
DA:5007,1
DA:5011,0
DA:5012,0
DA:5013,0
LF:1687
LH:591
end_of_record
TN:run_test
SF:/usr/include/c++/4.5.1/bits/allocator.h
FN:101,_ZNSaIcEC2Ev
FN:103,_ZNSaIcEC2ERKS_
FN:109,_ZNSaIcED2Ev
FN:121,_ZSteqIcEbRKSaIT_ES3_
FNDA:0,_ZNSaIcEC2Ev
FNDA:0,_ZNSaIcEC2ERKS_
FNDA:0,_ZNSaIcED2Ev
FNDA:0,_ZSteqIcEbRKSaIT_ES3_
FNF:4
FNH:0
DA:101,0
DA:103,0
DA:104,0
DA:109,0
DA:121,0
DA:122,0
LF:6
LH:0
end_of_record
SF:/usr/include/c++/4.5.1/bits/basic_ios.h
FN:272,_ZNSt9basic_iosIcSt11char_traitsIcEED2Ev
FN:450,_ZNSt9basic_iosIcSt11char_traitsIcEEC2Ev
FNDA:0,_ZNSt9basic_iosIcSt11char_traitsIcEED2Ev
FNDA:0,_ZNSt9basic_iosIcSt11char_traitsIcEEC2Ev
FNF:2
FNH:0
DA:272,0
DA:450,0
DA:452,0
DA:453,0
LF:4
LH:0
end_of_record
SF:/usr/include/c++/4.5.1/bits/basic_string.h
FN:174,_ZNSs4_Rep12_S_empty_repEv
FN:196,_ZNSs4_Rep15_M_set_sharableEv
FN:200,_ZNSs4_Rep26_M_set_length_and_sharableEj
FN:215,_ZNSs4_Rep10_M_refdataEv
FN:230,_ZNSs4_Rep10_M_disposeERKSaIcE
FN:259,_ZNSs12_Alloc_hiderD2Ev
FN:260,_ZNSs12_Alloc_hiderC2EPcRKSaIcE
FN:278,_ZNKSs7_M_dataEv
FN:286,_ZNKSs6_M_repEv
FN:340,_ZNSs7_M_copyEPcPKcj
FN:385,_ZNSs13_S_copy_charsEPcS_S_
FN:412,_ZNSs12_S_empty_repEv
FN:423,_ZNSsC2Ev
FN:524,_ZNSsD2Ev
FN:532,_ZNSsaSERKSs
FN:1645,_ZNSs16_S_construct_auxIPcEES0_T_S1_RKSaIcESt12__false_type
FN:1667,_ZNSs12_S_constructIPcEES0_T_S1_RKSaIcE
FN:1723,_ZNKSs5c_strEv
FN:1740,_ZNKSs13get_allocatorEv
FNDA:0,_ZNSs4_Rep12_S_empty_repEv
FNDA:0,_ZNSs4_Rep15_M_set_sharableEv
FNDA:0,_ZNSs4_Rep26_M_set_length_and_sharableEj
FNDA:0,_ZNSs4_Rep10_M_refdataEv
FNDA:0,_ZNSs4_Rep10_M_disposeERKSaIcE
FNDA:0,_ZNSs12_Alloc_hiderD2Ev
FNDA:0,_ZNSs12_Alloc_hiderC2EPcRKSaIcE
FNDA:0,_ZNKSs7_M_dataEv
FNDA:0,_ZNKSs6_M_repEv
FNDA:0,_ZNSs7_M_copyEPcPKcj
FNDA:0,_ZNSs13_S_copy_charsEPcS_S_
FNDA:0,_ZNSs12_S_empty_repEv
FNDA:0,_ZNSsC2Ev
FNDA:0,_ZNSsD2Ev
FNDA:0,_ZNSsaSERKSs
FNDA:0,_ZNSs16_S_construct_auxIPcEES0_T_S1_RKSaIcESt12__false_type
FNDA:0,_ZNSs12_S_constructIPcEES0_T_S1_RKSaIcE
FNDA:0,_ZNKSs5c_strEv
FNDA:0,_ZNKSs13get_allocatorEv
FNF:19
FNH:0
DA:174,0
DA:179,0
DA:180,0
DA:196,0
DA:197,0
DA:200,0
DA:203,0
DA:206,0
DA:207,0
DA:208,0
DA:212,0
DA:215,0
DA:216,0
DA:230,0
DA:233,0
DA:235,0
DA:237,0
DA:238,0
DA:259,0
DA:260,0
DA:261,0
DA:278,0
DA:279,0
DA:286,0
DA:287,0
DA:340,0
DA:342,0
DA:343,0
DA:345,0
DA:346,0
DA:385,0
DA:386,0
DA:412,0
DA:413,0
DA:423,0
DA:425,0
DA:524,0
DA:525,0
DA:532,0
DA:533,0
DA:1645,0
DA:1649,0
DA:1667,0
DA:1670,0
DA:1723,0
DA:1724,0
DA:1740,0
DA:1741,0
LF:48
LH:0
end_of_record
SF:/usr/include/c++/4.5.1/bits/basic_string.tcc
FN:123,_ZNSs12_S_constructIPcEES0_T_S1_RKSaIcESt20forward_iterator_tag
FN:227,_ZNSsC2IPcEET_S1_RKSaIcE
FNDA:0,_ZNSs12_S_constructIPcEES0_T_S1_RKSaIcESt20forward_iterator_tag
FNDA:0,_ZNSsC2IPcEET_S1_RKSaIcE
FNF:2
FNH:0
DA:123,0
DA:128,0
DA:129,0
DA:132,0
DA:133,0
DA:136,0
DA:138,0
DA:140,0
DA:141,0
DA:143,0
DA:144,0
DA:146,0
DA:147,0
DA:227,0
DA:229,0
DA:230,0
LF:16
LH:0
end_of_record
SF:/usr/include/c++/4.5.1/bits/char_traits.h
FN:246,_ZNSt11char_traitsIcE6assignERcRKc
FN:274,_ZNSt11char_traitsIcE4copyEPcPKcj
FNDA:0,_ZNSt11char_traitsIcE6assignERcRKc
FNDA:0,_ZNSt11char_traitsIcE4copyEPcPKcj
FNF:2
FNH:0
DA:246,0
DA:247,0
DA:274,0
DA:275,0
LF:4
LH:0
end_of_record
SF:/usr/include/c++/4.5.1/bits/ios_base.h
FN:128,_ZStorSt13_Ios_OpenmodeS_
FNDA:46,_ZStorSt13_Ios_OpenmodeS_
FNF:1
FNH:1
DA:128,46
DA:129,46
LF:2
LH:2
end_of_record
SF:/usr/include/c++/4.5.1/bits/stl_iterator_base_funcs.h
FN:88,_ZSt10__distanceIPcENSt15iterator_traitsIT_E15difference_typeES2_S2_St26random_access_iterator_tag
FN:111,_ZSt8distanceIPcENSt15iterator_traitsIT_E15difference_typeES2_S2_
FNDA:0,_ZSt10__distanceIPcENSt15iterator_traitsIT_E15difference_typeES2_S2_St26random_access_iterator_tag
FNDA:0,_ZSt8distanceIPcENSt15iterator_traitsIT_E15difference_typeES2_S2_
FNF:2
FNH:0
DA:88,0
DA:94,0
DA:111,0
DA:115,0
LF:4
LH:0
end_of_record
SF:/usr/include/c++/4.5.1/bits/stl_iterator_base_types.h
FN:174,_ZSt19__iterator_categoryIPcENSt15iterator_traitsIT_E17iterator_categoryERKS2_
FNDA:0,_ZSt19__iterator_categoryIPcENSt15iterator_traitsIT_E17iterator_categoryERKS2_
FNF:1
FNH:0
DA:174,0
DA:175,0
LF:2
LH:0
end_of_record
SF:/usr/include/c++/4.5.1/ext/atomicity.h
FN:45,_ZN9__gnu_cxxL18__exchange_and_addEPVii
FN:62,_ZN9__gnu_cxxL25__exchange_and_add_singleEPii
FN:75,_ZN9__gnu_cxxL27__exchange_and_add_dispatchEPii
FNDA:0,_ZN9__gnu_cxxL18__exchange_and_addEPVii
FNDA:0,_ZN9__gnu_cxxL25__exchange_and_add_singleEPii
FNDA:0,_ZN9__gnu_cxxL27__exchange_and_add_dispatchEPii
FNF:3
FNH:0
DA:45,0
DA:46,0
DA:62,0
DA:64,0
DA:65,0
DA:66,0
DA:75,0
DA:78,0
DA:79,0
DA:81,0
LF:10
LH:0
end_of_record
SF:/usr/include/c++/4.5.1/ext/new_allocator.h
FN:66,_ZN9__gnu_cxx13new_allocatorIcEC2Ev
FN:68,_ZN9__gnu_cxx13new_allocatorIcEC2ERKS1_
FN:73,_ZN9__gnu_cxx13new_allocatorIcED2Ev
FNDA:0,_ZN9__gnu_cxx13new_allocatorIcEC2Ev
FNDA:0,_ZN9__gnu_cxx13new_allocatorIcEC2ERKS1_
FNDA:0,_ZN9__gnu_cxx13new_allocatorIcED2Ev
FNF:3
FNH:0
DA:66,0
DA:68,0
DA:73,0
LF:3
LH:0
end_of_record
SF:/usr/include/c++/4.5.1/ext/type_traits.h
FN:148,_ZN9__gnu_cxx17__is_null_pointerIcEEbPT_
FNDA:0,_ZN9__gnu_cxx17__is_null_pointerIcEEbPT_
FNF:1
FNH:0
DA:148,0
DA:149,0
LF:2
LH:0
end_of_record
SF:/usr/include/c++/4.5.1/i686-redhat-linux/bits/gthr-default.h
FN:238,_ZL18__gthread_active_pv
FNDA:0,_ZL18__gthread_active_pv
FNF:1
FNH:0
DA:238,0
DA:242,0
LF:2
LH:0
end_of_record
SF:/usr/include/c++/4.5.1/iosfwd
FN:93,_ZNSt15basic_stringbufIcSt11char_traitsIcESaIcEED0Ev
FN:93,_ZNSt15basic_stringbufIcSt11char_traitsIcESaIcEED2Ev
FNDA:0,_ZNSt15basic_stringbufIcSt11char_traitsIcESaIcEED2Ev
FNDA:0,_ZNSt15basic_stringbufIcSt11char_traitsIcESaIcEED0Ev
FNF:2
FNH:0
DA:93,0
LF:1
LH:0
end_of_record
SF:/usr/include/c++/4.5.1/iostream
DA:73,1
LF:1
LH:1
end_of_record
SF:/usr/include/c++/4.5.1/istream
FN:101,_ZNSiD2Ev
FN:582,_ZNSiC2Ev
FN:801,_ZNSdD2Ev
FN:804,_ZNSdC2Ev
FNDA:0,_ZNSiD2Ev
FNDA:0,_ZNSiC2Ev
FNDA:0,_ZNSdD2Ev
FNDA:0,_ZNSdC2Ev
FNF:4
FNH:0
DA:101,0
DA:102,0
DA:582,0
DA:583,0
DA:584,0
DA:801,0
DA:804,0
DA:805,0
LF:8
LH:0
end_of_record
SF:/usr/include/c++/4.5.1/ostream
FN:91,_ZNSoD2Ev
FN:361,_ZNSoC2Ev
FNDA:0,_ZNSoD2Ev
FNDA:0,_ZNSoC2Ev
FNF:2
FNH:0
DA:91,0
DA:361,0
DA:362,0
LF:3
LH:0
end_of_record
SF:/usr/include/c++/4.5.1/sstream
FN:92,_ZNSt15basic_stringbufIcSt11char_traitsIcESaIcEEC2ESt13_Ios_Openmode
FN:120,_ZNKSt15basic_stringbufIcSt11char_traitsIcESaIcEE3strEv
FN:510,_ZNSt18basic_stringstreamIcSt11char_traitsIcESaIcEEC1ESt13_Ios_Openmode
FN:537,_ZNSt18basic_stringstreamIcSt11char_traitsIcESaIcEED1Ev
FN:556,_ZNKSt18basic_stringstreamIcSt11char_traitsIcESaIcEE3strEv
FNDA:0,_ZNSt15basic_stringbufIcSt11char_traitsIcESaIcEEC2ESt13_Ios_Openmode
FNDA:0,_ZNKSt15basic_stringbufIcSt11char_traitsIcESaIcEE3strEv
FNDA:0,_ZNSt18basic_stringstreamIcSt11char_traitsIcESaIcEEC1ESt13_Ios_Openmode
FNDA:0,_ZNSt18basic_stringstreamIcSt11char_traitsIcESaIcEED1Ev
FNDA:0,_ZNKSt18basic_stringstreamIcSt11char_traitsIcESaIcEE3strEv
FNF:5
FNH:0
DA:92,0
DA:93,0
DA:94,0
DA:120,0
DA:122,0
DA:123,0
DA:126,0
DA:127,0
DA:129,0
DA:132,0
DA:133,0
DA:510,0
DA:511,0
DA:512,0
DA:537,0
DA:538,0
DA:556,0
DA:557,0
LF:18
LH:0
end_of_record
SF:/usr/include/c++/4.5.1/streambuf
FN:193,_ZNSt15basic_streambufIcSt11char_traitsIcEED2Ev
FN:441,_ZNSt15basic_streambufIcSt11char_traitsIcEEC2Ev
FN:466,_ZNKSt15basic_streambufIcSt11char_traitsIcEE5egptrEv
FN:507,_ZNKSt15basic_streambufIcSt11char_traitsIcEE5pbaseEv
FN:510,_ZNKSt15basic_streambufIcSt11char_traitsIcEE4pptrEv
FNDA:0,_ZNSt15basic_streambufIcSt11char_traitsIcEED2Ev
FNDA:0,_ZNSt15basic_streambufIcSt11char_traitsIcEEC2Ev
FNDA:0,_ZNKSt15basic_streambufIcSt11char_traitsIcEE5egptrEv
FNDA:0,_ZNKSt15basic_streambufIcSt11char_traitsIcEE5pbaseEv
FNDA:0,_ZNKSt15basic_streambufIcSt11char_traitsIcEE4pptrEv
FNF:5
FNH:0
DA:193,0
DA:194,0
DA:441,0
DA:444,0
DA:445,0
DA:466,0
DA:507,0
DA:510,0
LF:8
LH:0
end_of_record
SF:/home/student/tools/mygtest/include/gtest/gtest-message.h
FN:85,_ZN7testing7MessageD2Ev
FNDA:46,_ZN7testing7MessageD2Ev
FNF:1
FNH:1
DA:85,46
LF:1
LH:1
end_of_record
SF:/home/student/tools/mygtest/include/gtest/gtest-printers.h
FN:218,_ZN16testing_internal26DefaultPrintNonContainerToIiEEvRKT_PSo
FN:335,_ZN7testing8internal14DefaultPrintToIiEEvcNS0_13bool_constantILb0EEERKT_PSo
FN:353,_ZN7testing8internal7PrintToIiEEvRKT_PSo
FN:591,_ZN7testing8internal16UniversalPrinterIiE5PrintERKiPSo
FN:683,_ZN7testing8internal21UniversalTersePrinterIiE5PrintERKiPSo
FN:752,_ZN7testing8internal14UniversalPrintIiEEvRKT_PSo
FN:847,_ZN7testing13PrintToStringIiEESsRKT_
FNDA:0,_ZN16testing_internal26DefaultPrintNonContainerToIiEEvRKT_PSo
FNDA:0,_ZN7testing8internal14DefaultPrintToIiEEvcNS0_13bool_constantILb0EEERKT_PSo
FNDA:0,_ZN7testing8internal7PrintToIiEEvRKT_PSo
FNDA:0,_ZN7testing8internal16UniversalPrinterIiE5PrintERKiPSo
FNDA:0,_ZN7testing8internal21UniversalTersePrinterIiE5PrintERKiPSo
FNDA:0,_ZN7testing8internal14UniversalPrintIiEEvRKT_PSo
FNDA:0,_ZN7testing13PrintToStringIiEESsRKT_
FNF:7
FNH:0
DA:218,0
DA:245,0
DA:246,0
DA:335,0
DA:338,0
DA:339,0
DA:353,0
DA:376,0
DA:377,0
DA:591,0
DA:600,0
DA:601,0
DA:683,0
DA:684,0
DA:685,0
DA:752,0
DA:756,0
DA:757,0
DA:847,0
DA:848,0
DA:849,0
DA:850,0
LF:22
LH:0
end_of_record
SF:/home/student/tools/mygtest/include/gtest/gtest.h
FN:256,_ZN7testing15AssertionResultD2Ev
FN:262,_ZN7testing15AssertionResultC2Eb
FN:265,_ZNK7testing15AssertionResultcvbEv
FN:274,_ZNK7testing15AssertionResult7messageEv
FN:279,_ZNK7testing15AssertionResult15failure_messageEv
FN:365,_ZN7testing4Test13SetUpTestCaseEv
FN:373,_ZN7testing4Test16TearDownTestCaseEv
FN:451,_ZN7testing4Test5SetupEv
FN:1357,_ZN7testing8internal19FormatForComparisonIiiE6FormatERKi
FN:1431,_ZN7testing8internal33FormatForComparisonFailureMessageIiiEESsRKT_RKT0_
FN:1438,_ZN7testing8internal11CmpHelperEQIiiEENS_15AssertionResultEPKcS4_RKT_RKT0_
FN:1480,_ZN7testing8internal8EqHelperILb0EE7CompareIiiEENS_15AssertionResultEPKcS6_RKT_RKT0_
FN:2287,_Z13RUN_ALL_TESTSv
FNDA:2,_ZN7testing15AssertionResultD2Ev
FNDA:2,_ZN7testing15AssertionResultC2Eb
FNDA:2,_ZNK7testing15AssertionResultcvbEv
FNDA:0,_ZNK7testing15AssertionResult7messageEv
FNDA:0,_ZNK7testing15AssertionResult15failure_messageEv
FNDA:2,_ZN7testing4Test13SetUpTestCaseEv
FNDA:2,_ZN7testing4Test16TearDownTestCaseEv
FNDA:0,_ZN7testing4Test5SetupEv
FNDA:0,_ZN7testing8internal19FormatForComparisonIiiE6FormatERKi
FNDA:0,_ZN7testing8internal33FormatForComparisonFailureMessageIiiEESsRKT_RKT0_
FNDA:1,_ZN7testing8internal11CmpHelperEQIiiEENS_15AssertionResultEPKcS4_RKT_RKT0_
FNDA:1,_ZN7testing8internal8EqHelperILb0EE7CompareIiiEENS_15AssertionResultEPKcS6_RKT_RKT0_
FNDA:1,_Z13RUN_ALL_TESTSv
FNF:13
FNH:8
DA:256,2
DA:262,2
DA:265,2
DA:274,0
DA:275,0
DA:279,0
DA:365,2
DA:373,2
DA:451,0
DA:1357,0
DA:1358,0
DA:1431,0
DA:1433,0
DA:1438,1
DA:1448,1
DA:1449,1
DA:1460,0
DA:1480,1
DA:1485,1
DA:2287,1
DA:2288,1
LF:21
LH:12
end_of_record
SF:/home/student/tools/mygtest/include/gtest/internal/gtest-internal.h
FN:436,_ZN7testing8internal15TestFactoryBaseD0Ev
FN:436,_ZN7testing8internal15TestFactoryBaseD2Ev
FN:443,_ZN7testing8internal15TestFactoryBaseC2Ev
FN:452,_ZN7testing8internal15TestFactoryImplI25IsPrimeTest_Positive_TestEC2Ev
FN:452,_ZN7testing8internal15TestFactoryImplI25IsPrimeTest_Positive_TestED2Ev
FN:452,_ZN7testing8internal15TestFactoryImplI23FactorialTest_Zero_TestED2Ev
FN:452,_ZN7testing8internal15TestFactoryImplI23FactorialTest_Zero_TestEC2Ev
FN:452,_ZN7testing8internal15TestFactoryImplI23FactorialTest_Zero_TestED0Ev
FN:452,_ZN7testing8internal15TestFactoryImplI25IsPrimeTest_Positive_TestED0Ev
FN:454,_ZN7testing8internal15TestFactoryImplI25IsPrimeTest_Positive_TestE10CreateTestEv
FN:454,_ZN7testing8internal15TestFactoryImplI23FactorialTest_Zero_TestE10CreateTestEv
FN:869,_ZN7testing8internal15IsContainerTestIiEEcl
FNDA:2,_ZN7testing8internal15TestFactoryBaseD2Ev
FNDA:0,_ZN7testing8internal15TestFactoryBaseD0Ev
FNDA:2,_ZN7testing8internal15TestFactoryBaseC2Ev
FNDA:1,_ZN7testing8internal15TestFactoryImplI23FactorialTest_Zero_TestED2Ev
FNDA:1,_ZN7testing8internal15TestFactoryImplI23FactorialTest_Zero_TestED0Ev
FNDA:1,_ZN7testing8internal15TestFactoryImplI25IsPrimeTest_Positive_TestED2Ev
FNDA:1,_ZN7testing8internal15TestFactoryImplI25IsPrimeTest_Positive_TestED0Ev
FNDA:1,_ZN7testing8internal15TestFactoryImplI23FactorialTest_Zero_TestEC2Ev
FNDA:1,_ZN7testing8internal15TestFactoryImplI25IsPrimeTest_Positive_TestEC2Ev
FNDA:1,_ZN7testing8internal15TestFactoryImplI23FactorialTest_Zero_TestE10CreateTestEv
FNDA:1,_ZN7testing8internal15TestFactoryImplI25IsPrimeTest_Positive_TestE10CreateTestEv
FNDA:0,_ZN7testing8internal15IsContainerTestIiEEcl
FNF:12
FNH:10
DA:436,2
DA:443,2
DA:452,6
DA:454,2
DA:869,0
LF:5
LH:4
end_of_record
SF:/home/student/tools/mygtest/include/gtest/internal/gtest-port.h
FN:894,_ZN7testing8internal10scoped_ptrISsEC2EPSs
FN:895,_ZN7testing8internal10scoped_ptrISsED2Ev
FN:895,_ZN7testing8internal10scoped_ptrISt18basic_stringstreamIcSt11char_traitsIcESaIcEEED2Ev
FN:898,_ZNK7testing8internal10scoped_ptrISsEptEv
FN:899,_ZNK7testing8internal10scoped_ptrISsE3getEv
FN:907,_ZN7testing8internal10scoped_ptrISsE5resetEPSs
FN:907,_ZN7testing8internal10scoped_ptrISt18basic_stringstreamIcSt11char_traitsIcESaIcEEE5resetEPS6_
FNDA:2,_ZN7testing8internal10scoped_ptrISsEC2EPSs
FNDA:46,_ZN7testing8internal10scoped_ptrISt18basic_stringstreamIcSt11char_traitsIcESaIcEEED2Ev
FNDA:2,_ZN7testing8internal10scoped_ptrISsED2Ev
FNDA:0,_ZNK7testing8internal10scoped_ptrISsEptEv
FNDA:0,_ZNK7testing8internal10scoped_ptrISsE3getEv
FNDA:46,_ZN7testing8internal10scoped_ptrISt18basic_stringstreamIcSt11char_traitsIcESaIcEEE5resetEPS6_
FNDA:2,_ZN7testing8internal10scoped_ptrISsE5resetEPSs
FNF:7
FNH:5
DA:894,2
DA:895,48
DA:898,0
DA:899,0
DA:907,48
DA:908,48
DA:909,46
DA:910,46
DA:912,46
DA:914,48
LF:10
LH:8
end_of_record
SF:/home/student/tools/mygtest/src/gtest_main.cc
FN:10,_Z9Factoriali
FN:22,_Z7IsPrimei
FN:107,_Z41__static_initialization_and_destruction_0ii
FN:107,_ZN23FactorialTest_Zero_Test8TestBodyEv
FN:107,_ZN23FactorialTest_Zero_TestC2Ev
FN:107,_ZN23FactorialTest_Zero_TestD2Ev
FN:107,_ZN23FactorialTest_Zero_TestD0Ev
FN:112,_ZN25IsPrimeTest_Positive_Test8TestBodyEv
FN:112,_ZN25IsPrimeTest_Positive_TestC2Ev
FN:112,_ZN25IsPrimeTest_Positive_TestD2Ev
FN:112,_ZN25IsPrimeTest_Positive_TestD0Ev
FN:120,main
FN:124,_GLOBAL__I__Z9Factoriali
FNDA:1,_Z9Factoriali
FNDA:1,_Z7IsPrimei
FNDA:1,_ZN23FactorialTest_Zero_TestD2Ev
FNDA:1,_ZN23FactorialTest_Zero_TestD0Ev
FNDA:1,_ZN23FactorialTest_Zero_TestC2Ev
FNDA:1,_ZN23FactorialTest_Zero_Test8TestBodyEv
FNDA:1,_ZN25IsPrimeTest_Positive_TestD2Ev
FNDA:1,_ZN25IsPrimeTest_Positive_TestD0Ev
FNDA:1,_ZN25IsPrimeTest_Positive_TestC2Ev
FNDA:1,_ZN25IsPrimeTest_Positive_Test8TestBodyEv
FNDA:1,main
FNDA:1,_Z41__static_initialization_and_destruction_0ii
FNDA:1,_GLOBAL__I__Z9Factoriali
FNF:13
FNH:13
DA:10,1
DA:11,1
DA:12,1
DA:13,0
DA:16,1
DA:17,0
DA:18,1
DA:22,1
DA:24,1
DA:27,1
DA:32,0
DA:34,0
DA:38,0
DA:42,0
DA:107,5
DA:108,1
DA:109,1
DA:112,5
DA:113,1
DA:117,1
DA:120,1
DA:121,1
DA:122,1
DA:123,1
DA:124,3
LF:25
LH:19
end_of_record
